Determining if the include file pthread.h exists failed with the following output:
Change Dir: N:/Development/Dev_Base/curl-7.75.0/msvc/CMakeFiles/CMakeTmp

Run Build Command(s):C:/Program Files (x86)/Microsoft Visual Studio/2017/Enterprise/MSBuild/15.0/Bin/MSBuild.exe cmTC_7f5dd.vcxproj /p:Configuration=Debug /p:Platform=x64 /p:VisualStudioVersion=15.0 /v:m 
Microsoft (R) Build Engine version 15.9.21+g9802d43bc3 for .NET Framework
Copyright (C) Microsoft Corporation. All rights reserved.

  Microsoft (R) C/C++ Optimizing Compiler Version 19.16.27045 for x64
  Copyright (C) Microsoft Corporation.  All rights reserved.
  
  cl /c /I"C:\Program Files (x86)\Visual Leak Detector\include" /Zi /W3 /WX- /diagnostics:classic /Od /Ob0 /D WIN32 /D _WINDOWS /D _WIN32_WINNT=0x0600 /D _WINSOCKAPI_= /D "CMAKE_INTDIR=\"Debug\"" /D _MBCS /Gm- /RTC1 /MDd /GS /fp:precise /Zc:wchar_t /Zc:forScope /Zc:inline /Fo"cmTC_7f5dd.dir\Debug\\" /Fd"cmTC_7f5dd.dir\Debug\vc141.pdb" /Gd /TC /errorReport:queue "N:\Development\Dev_Base\curl-7.75.0\msvc\CMakeFiles\CMakeTmp\CheckIncludeFile.c"
  CheckIncludeFile.c
  
N:\Development\Dev_Base\curl-7.75.0\msvc\CMakeFiles\CMakeTmp\CheckIncludeFile.c(1): fatal error C1083: Cannot open include file: 'pthread.h': No such file or directory [N:\Development\Dev_Base\curl-7.75.0\msvc\CMakeFiles\CMakeTmp\cmTC_7f5dd.vcxproj]


Determining if files ;winldap.h exist failed with the following output:
Change Dir: N:/Development/Dev_Base/curl-7.75.0/msvc/CMakeFiles/CMakeTmp

Run Build Command(s):C:/Program Files (x86)/Microsoft Visual Studio/2017/Enterprise/MSBuild/15.0/Bin/MSBuild.exe cmTC_b82b3.vcxproj /p:Configuration=Debug /p:Platform=x64 /p:VisualStudioVersion=15.0 /v:m 
Microsoft (R) Build Engine version 15.9.21+g9802d43bc3 for .NET Framework
Copyright (C) Microsoft Corporation. All rights reserved.

  Microsoft (R) C/C++ Optimizing Compiler Version 19.16.27045 for x64
  Copyright (C) Microsoft Corporation.  All rights reserved.
  
  cl /c /I"C:\Program Files (x86)\Visual Leak Detector\include" /Zi /W3 /WX- /diagnostics:classic /Od /Ob0 /D WIN32 /D _WINDOWS /D _WIN32_WINNT=0x0600 /D _WINSOCKAPI_= /D "CMAKE_INTDIR=\"Debug\"" /D _MBCS /Gm- /RTC1 /MDd /GS /fp:precise /Zc:wchar_t /Zc:forScope /Zc:inline /Fo"cmTC_b82b3.dir\Debug\\" /Fd"cmTC_b82b3.dir\Debug\vc141.pdb" /Gd /TC /errorReport:queue "N:\Development\Dev_Base\curl-7.75.0\msvc\CMakeFiles\CheckIncludeFiles\HAVE_WINLDAP_H.c"
  HAVE_WINLDAP_H.c
  
C:\Program Files (x86)\Windows Kits\10\Include\10.0.19041.0\um\winnt.h(173): fatal error C1189: #error:  "No Target Architecture" [N:\Development\Dev_Base\curl-7.75.0\msvc\CMakeFiles\CMakeTmp\cmTC_b82b3.vcxproj]

Source:
/* */
#include <winldap.h>


int main(void){return 0;}

Determining if files ;winber.h exist failed with the following output:
Change Dir: N:/Development/Dev_Base/curl-7.75.0/msvc/CMakeFiles/CMakeTmp

Run Build Command(s):C:/Program Files (x86)/Microsoft Visual Studio/2017/Enterprise/MSBuild/15.0/Bin/MSBuild.exe cmTC_31433.vcxproj /p:Configuration=Debug /p:Platform=x64 /p:VisualStudioVersion=15.0 /v:m 
Microsoft (R) Build Engine version 15.9.21+g9802d43bc3 for .NET Framework
Copyright (C) Microsoft Corporation. All rights reserved.

  Microsoft (R) C/C++ Optimizing Compiler Version 19.16.27045 for x64
  Copyright (C) Microsoft Corporation.  All rights reserved.
  
  cl /c /I"C:\Program Files (x86)\Visual Leak Detector\include" /Zi /W3 /WX- /diagnostics:classic /Od /Ob0 /D WIN32 /D _WINDOWS /D _WIN32_WINNT=0x0600 /D _WINSOCKAPI_= /D "CMAKE_INTDIR=\"Debug\"" /D _MBCS /Gm- /RTC1 /MDd /GS /fp:precise /Zc:wchar_t /Zc:forScope /Zc:inline /Fo"cmTC_31433.dir\Debug\\" /Fd"cmTC_31433.dir\Debug\vc141.pdb" /Gd /TC /errorReport:queue "N:\Development\Dev_Base\curl-7.75.0\msvc\CMakeFiles\CheckIncludeFiles\HAVE_WINBER_H.c"
  HAVE_WINBER_H.c
  
C:\Program Files (x86)\Windows Kits\10\Include\10.0.19041.0\um\winber.h(67): error C2061: syntax error: identifier 'BerElement' [N:\Development\Dev_Base\curl-7.75.0\msvc\CMakeFiles\CMakeTmp\cmTC_31433.vcxproj]
C:\Program Files (x86)\Windows Kits\10\Include\10.0.19041.0\um\winber.h(67): error C2059: syntax error: ';' [N:\Development\Dev_Base\curl-7.75.0\msvc\CMakeFiles\CMakeTmp\cmTC_31433.vcxproj]
C:\Program Files (x86)\Windows Kits\10\Include\10.0.19041.0\um\winber.h(67): error C2143: syntax error: missing ')' before '*' [N:\Development\Dev_Base\curl-7.75.0\msvc\CMakeFiles\CMakeTmp\cmTC_31433.vcxproj]
C:\Program Files (x86)\Windows Kits\10\Include\10.0.19041.0\um\winber.h(67): error C2143: syntax error: missing '{' before '*' [N:\Development\Dev_Base\curl-7.75.0\msvc\CMakeFiles\CMakeTmp\cmTC_31433.vcxproj]
C:\Program Files (x86)\Windows Kits\10\Include\10.0.19041.0\um\winber.h(67): error C2059: syntax error: ')' [N:\Development\Dev_Base\curl-7.75.0\msvc\CMakeFiles\CMakeTmp\cmTC_31433.vcxproj]
C:\Program Files (x86)\Windows Kits\10\Include\10.0.19041.0\um\winber.h(76): error C2061: syntax error: identifier 'VOID' [N:\Development\Dev_Base\curl-7.75.0\msvc\CMakeFiles\CMakeTmp\cmTC_31433.vcxproj]
C:\Program Files (x86)\Windows Kits\10\Include\10.0.19041.0\um\winber.h(76): error C2059: syntax error: ';' [N:\Development\Dev_Base\curl-7.75.0\msvc\CMakeFiles\CMakeTmp\cmTC_31433.vcxproj]
C:\Program Files (x86)\Windows Kits\10\Include\10.0.19041.0\um\winber.h(76): error C2143: syntax error: missing ')' before '*' [N:\Development\Dev_Base\curl-7.75.0\msvc\CMakeFiles\CMakeTmp\cmTC_31433.vcxproj]
C:\Program Files (x86)\Windows Kits\10\Include\10.0.19041.0\um\winber.h(76): error C2143: syntax error: missing '{' before '*' [N:\Development\Dev_Base\curl-7.75.0\msvc\CMakeFiles\CMakeTmp\cmTC_31433.vcxproj]
C:\Program Files (x86)\Windows Kits\10\Include\10.0.19041.0\um\winber.h(76): error C2146: syntax error: missing ';' before identifier 'fbuf' [N:\Development\Dev_Base\curl-7.75.0\msvc\CMakeFiles\CMakeTmp\cmTC_31433.vcxproj]
C:\Program Files (x86)\Windows Kits\10\Include\10.0.19041.0\um\winber.h(76): error C2059: syntax error: ')' [N:\Development\Dev_Base\curl-7.75.0\msvc\CMakeFiles\CMakeTmp\cmTC_31433.vcxproj]
C:\Program Files (x86)\Windows Kits\10\Include\10.0.19041.0\um\winber.h(84): error C2061: syntax error: identifier 'VOID' [N:\Development\Dev_Base\curl-7.75.0\msvc\CMakeFiles\CMakeTmp\cmTC_31433.vcxproj]
C:\Program Files (x86)\Windows Kits\10\Include\10.0.19041.0\um\winber.h(84): error C2059: syntax error: ';' [N:\Development\Dev_Base\curl-7.75.0\msvc\CMakeFiles\CMakeTmp\cmTC_31433.vcxproj]
C:\Program Files (x86)\Windows Kits\10\Include\10.0.19041.0\um\winber.h(84): error C2143: syntax error: missing ')' before '*' [N:\Development\Dev_Base\curl-7.75.0\msvc\CMakeFiles\CMakeTmp\cmTC_31433.vcxproj]
C:\Program Files (x86)\Windows Kits\10\Include\10.0.19041.0\um\winber.h(84): error C2143: syntax error: missing '{' before '*' [N:\Development\Dev_Base\curl-7.75.0\msvc\CMakeFiles\CMakeTmp\cmTC_31433.vcxproj]
C:\Program Files (x86)\Windows Kits\10\Include\10.0.19041.0\um\winber.h(84): error C2059: syntax error: ')' [N:\Development\Dev_Base\curl-7.75.0\msvc\CMakeFiles\CMakeTmp\cmTC_31433.vcxproj]
C:\Program Files (x86)\Windows Kits\10\Include\10.0.19041.0\um\winber.h(91): error C2061: syntax error: identifier 'VOID' [N:\Development\Dev_Base\curl-7.75.0\msvc\CMakeFiles\CMakeTmp\cmTC_31433.vcxproj]
C:\Program Files (x86)\Windows Kits\10\Include\10.0.19041.0\um\winber.h(91): error C2059: syntax error: ';' [N:\Development\Dev_Base\curl-7.75.0\msvc\CMakeFiles\CMakeTmp\cmTC_31433.vcxproj]
C:\Program Files (x86)\Windows Kits\10\Include\10.0.19041.0\um\winber.h(91): error C2143: syntax error: missing ')' before '*' [N:\Development\Dev_Base\curl-7.75.0\msvc\CMakeFiles\CMakeTmp\cmTC_31433.vcxproj]
C:\Program Files (x86)\Windows Kits\10\Include\10.0.19041.0\um\winber.h(91): error C2143: syntax error: missing '{' before '*' [N:\Development\Dev_Base\curl-7.75.0\msvc\CMakeFiles\CMakeTmp\cmTC_31433.vcxproj]
C:\Program Files (x86)\Windows Kits\10\Include\10.0.19041.0\um\winber.h(91): error C2059: syntax error: ')' [N:\Development\Dev_Base\curl-7.75.0\msvc\CMakeFiles\CMakeTmp\cmTC_31433.vcxproj]
C:\Program Files (x86)\Windows Kits\10\Include\10.0.19041.0\um\winber.h(97): error C2061: syntax error: identifier 'BERVAL' [N:\Development\Dev_Base\curl-7.75.0\msvc\CMakeFiles\CMakeTmp\cmTC_31433.vcxproj]
C:\Program Files (x86)\Windows Kits\10\Include\10.0.19041.0\um\winber.h(97): error C2059: syntax error: ';' [N:\Development\Dev_Base\curl-7.75.0\msvc\CMakeFiles\CMakeTmp\cmTC_31433.vcxproj]
C:\Program Files (x86)\Windows Kits\10\Include\10.0.19041.0\um\winber.h(97): error C2143: syntax error: missing ')' before '*' [N:\Development\Dev_Base\curl-7.75.0\msvc\CMakeFiles\CMakeTmp\cmTC_31433.vcxproj]
C:\Program Files (x86)\Windows Kits\10\Include\10.0.19041.0\um\winber.h(97): error C2143: syntax error: missing '{' before '*' [N:\Development\Dev_Base\curl-7.75.0\msvc\CMakeFiles\CMakeTmp\cmTC_31433.vcxproj]
C:\Program Files (x86)\Windows Kits\10\Include\10.0.19041.0\um\winber.h(97): error C2059: syntax error: ')' [N:\Development\Dev_Base\curl-7.75.0\msvc\CMakeFiles\CMakeTmp\cmTC_31433.vcxproj]
C:\Program Files (x86)\Windows Kits\10\Include\10.0.19041.0\um\winber.h(108): error C2061: syntax error: identifier 'BerElement' [N:\Development\Dev_Base\curl-7.75.0\msvc\CMakeFiles\CMakeTmp\cmTC_31433.vcxproj]
C:\Program Files (x86)\Windows Kits\10\Include\10.0.19041.0\um\winber.h(108): error C2059: syntax error: ';' [N:\Development\Dev_Base\curl-7.75.0\msvc\CMakeFiles\CMakeTmp\cmTC_31433.vcxproj]
C:\Program Files (x86)\Windows Kits\10\Include\10.0.19041.0\um\winber.h(108): error C2146: syntax error: missing ')' before identifier 'options' [N:\Development\Dev_Base\curl-7.75.0\msvc\CMakeFiles\CMakeTmp\cmTC_31433.vcxproj]
C:\Program Files (x86)\Windows Kits\10\Include\10.0.19041.0\um\winber.h(108): error C2061: syntax error: identifier 'options' [N:\Development\Dev_Base\curl-7.75.0\msvc\CMakeFiles\CMakeTmp\cmTC_31433.vcxproj]
C:\Program Files (x86)\Windows Kits\10\Include\10.0.19041.0\um\winber.h(108): error C2059: syntax error: ')' [N:\Development\Dev_Base\curl-7.75.0\msvc\CMakeFiles\CMakeTmp\cmTC_31433.vcxproj]
C:\Program Files (x86)\Windows Kits\10\Include\10.0.19041.0\um\winber.h(124): error C2061: syntax error: identifier 'ULONG' [N:\Development\Dev_Base\curl-7.75.0\msvc\CMakeFiles\CMakeTmp\cmTC_31433.vcxproj]
C:\Program Files (x86)\Windows Kits\10\Include\10.0.19041.0\um\winber.h(124): error C2059: syntax error: ';' [N:\Development\Dev_Base\curl-7.75.0\msvc\CMakeFiles\CMakeTmp\cmTC_31433.vcxproj]
C:\Program Files (x86)\Windows Kits\10\Include\10.0.19041.0\um\winber.h(124): error C2143: syntax error: missing ')' before '*' [N:\Development\Dev_Base\curl-7.75.0\msvc\CMakeFiles\CMakeTmp\cmTC_31433.vcxproj]
C:\Program Files (x86)\Windows Kits\10\Include\10.0.19041.0\um\winber.h(124): error C2143: syntax error: missing '{' before '*' [N:\Development\Dev_Base\curl-7.75.0\msvc\CMakeFiles\CMakeTmp\cmTC_31433.vcxproj]
C:\Program Files (x86)\Windows Kits\10\Include\10.0.19041.0\um\winber.h(124): error C2143: syntax error: missing ';' before '*' [N:\Development\Dev_Base\curl-7.75.0\msvc\CMakeFiles\CMakeTmp\cmTC_31433.vcxproj]
C:\Program Files (x86)\Windows Kits\10\Include\10.0.19041.0\um\winber.h(124): error C2059: syntax error: ')' [N:\Development\Dev_Base\curl-7.75.0\msvc\CMakeFiles\CMakeTmp\cmTC_31433.vcxproj]
C:\Program Files (x86)\Windows Kits\10\Include\10.0.19041.0\um\winber.h(135): error C2061: syntax error: identifier 'ULONG' [N:\Development\Dev_Base\curl-7.75.0\msvc\CMakeFiles\CMakeTmp\cmTC_31433.vcxproj]
C:\Program Files (x86)\Windows Kits\10\Include\10.0.19041.0\um\winber.h(135): error C2059: syntax error: ';' [N:\Development\Dev_Base\curl-7.75.0\msvc\CMakeFiles\CMakeTmp\cmTC_31433.vcxproj]
C:\Program Files (x86)\Windows Kits\10\Include\10.0.19041.0\um\winber.h(135): error C2143: syntax error: missing ')' before '*' [N:\Development\Dev_Base\curl-7.75.0\msvc\CMakeFiles\CMakeTmp\cmTC_31433.vcxproj]
C:\Program Files (x86)\Windows Kits\10\Include\10.0.19041.0\um\winber.h(135): error C2143: syntax error: missing '{' before '*' [N:\Development\Dev_Base\curl-7.75.0\msvc\CMakeFiles\CMakeTmp\cmTC_31433.vcxproj]
C:\Program Files (x86)\Windows Kits\10\Include\10.0.19041.0\um\winber.h(135): error C2143: syntax error: missing ';' before '*' [N:\Development\Dev_Base\curl-7.75.0\msvc\CMakeFiles\CMakeTmp\cmTC_31433.vcxproj]
C:\Program Files (x86)\Windows Kits\10\Include\10.0.19041.0\um\winber.h(135): error C2059: syntax error: ')' [N:\Development\Dev_Base\curl-7.75.0\msvc\CMakeFiles\CMakeTmp\cmTC_31433.vcxproj]
C:\Program Files (x86)\Windows Kits\10\Include\10.0.19041.0\um\winber.h(146): error C2061: syntax error: identifier 'ULONG' [N:\Development\Dev_Base\curl-7.75.0\msvc\CMakeFiles\CMakeTmp\cmTC_31433.vcxproj]
C:\Program Files (x86)\Windows Kits\10\Include\10.0.19041.0\um\winber.h(146): error C2059: syntax error: ';' [N:\Development\Dev_Base\curl-7.75.0\msvc\CMakeFiles\CMakeTmp\cmTC_31433.vcxproj]
C:\Program Files (x86)\Windows Kits\10\Include\10.0.19041.0\um\winber.h(146): error C2143: syntax error: missing ')' before '*' [N:\Development\Dev_Base\curl-7.75.0\msvc\CMakeFiles\CMakeTmp\cmTC_31433.vcxproj]
C:\Program Files (x86)\Windows Kits\10\Include\10.0.19041.0\um\winber.h(146): error C2143: syntax error: missing '{' before '*' [N:\Development\Dev_Base\curl-7.75.0\msvc\CMakeFiles\CMakeTmp\cmTC_31433.vcxproj]
C:\Program Files (x86)\Windows Kits\10\Include\10.0.19041.0\um\winber.h(146): error C2143: syntax error: missing ';' before '*' [N:\Development\Dev_Base\curl-7.75.0\msvc\CMakeFiles\CMakeTmp\cmTC_31433.vcxproj]
C:\Program Files (x86)\Windows Kits\10\Include\10.0.19041.0\um\winber.h(146): error C2146: syntax error: missing ';' before identifier 'CHAR' [N:\Development\Dev_Base\curl-7.75.0\msvc\CMakeFiles\CMakeTmp\cmTC_31433.vcxproj]
C:\Program Files (x86)\Windows Kits\10\Include\10.0.19041.0\um\winber.h(146): error C2059: syntax error: ')' [N:\Development\Dev_Base\curl-7.75.0\msvc\CMakeFiles\CMakeTmp\cmTC_31433.vcxproj]
C:\Program Files (x86)\Windows Kits\10\Include\10.0.19041.0\um\winber.h(156): error C2061: syntax error: identifier 'ULONG' [N:\Development\Dev_Base\curl-7.75.0\msvc\CMakeFiles\CMakeTmp\cmTC_31433.vcxproj]
C:\Program Files (x86)\Windows Kits\10\Include\10.0.19041.0\um\winber.h(156): error C2059: syntax error: ';' [N:\Development\Dev_Base\curl-7.75.0\msvc\CMakeFiles\CMakeTmp\cmTC_31433.vcxproj]
C:\Program Files (x86)\Windows Kits\10\Include\10.0.19041.0\um\winber.h(156): error C2143: syntax error: missing ')' before '*' [N:\Development\Dev_Base\curl-7.75.0\msvc\CMakeFiles\CMakeTmp\cmTC_31433.vcxproj]
C:\Program Files (x86)\Windows Kits\10\Include\10.0.19041.0\um\winber.h(156): error C2143: syntax error: missing '{' before '*' [N:\Development\Dev_Base\curl-7.75.0\msvc\CMakeFiles\CMakeTmp\cmTC_31433.vcxproj]
C:\Program Files (x86)\Windows Kits\10\Include\10.0.19041.0\um\winber.h(156): error C2143: syntax error: missing ';' before '*' [N:\Development\Dev_Base\curl-7.75.0\msvc\CMakeFiles\CMakeTmp\cmTC_31433.vcxproj]
C:\Program Files (x86)\Windows Kits\10\Include\10.0.19041.0\um\winber.h(156): error C2146: syntax error: missing ';' before identifier 'CHAR' [N:\Development\Dev_Base\curl-7.75.0\msvc\CMakeFiles\CMakeTmp\cmTC_31433.vcxproj]
C:\Program Files (x86)\Windows Kits\10\Include\10.0.19041.0\um\winber.h(156): error C2059: syntax error: ')' [N:\Development\Dev_Base\curl-7.75.0\msvc\CMakeFiles\CMakeTmp\cmTC_31433.vcxproj]
C:\Program Files (x86)\Windows Kits\10\Include\10.0.19041.0\um\winber.h(165): error C2061: syntax error: identifier 'INT' [N:\Development\Dev_Base\curl-7.75.0\msvc\CMakeFiles\CMakeTmp\cmTC_31433.vcxproj]
C:\Program Files (x86)\Windows Kits\10\Include\10.0.19041.0\um\winber.h(165): error C2059: syntax error: ';' [N:\Development\Dev_Base\curl-7.75.0\msvc\CMakeFiles\CMakeTmp\cmTC_31433.vcxproj]
C:\Program Files (x86)\Windows Kits\10\Include\10.0.19041.0\um\winber.h(165): error C2143: syntax error: missing ')' before '*' [N:\Development\Dev_Base\curl-7.75.0\msvc\CMakeFiles\CMakeTmp\cmTC_31433.vcxproj]
C:\Program Files (x86)\Windows Kits\10\Include\10.0.19041.0\um\winber.h(165): error C2143: syntax error: missing '{' before '*' [N:\Development\Dev_Base\curl-7.75.0\msvc\CMakeFiles\CMakeTmp\cmTC_31433.vcxproj]
C:\Program Files (x86)\Windows Kits\10\Include\10.0.19041.0\um\winber.h(165): error C2143: syntax error: missing ';' before '*' [N:\Development\Dev_Base\curl-7.75.0\msvc\CMakeFiles\CMakeTmp\cmTC_31433.vcxproj]
C:\Program Files (x86)\Windows Kits\10\Include\10.0.19041.0\um\winber.h(165): error C2059: syntax error: ')' [N:\Development\Dev_Base\curl-7.75.0\msvc\CMakeFiles\CMakeTmp\cmTC_31433.vcxproj]
C:\Program Files (x86)\Windows Kits\10\Include\10.0.19041.0\um\winber.h(248): error C2061: syntax error: identifier 'INT' [N:\Development\Dev_Base\curl-7.75.0\msvc\CMakeFiles\CMakeTmp\cmTC_31433.vcxproj]
C:\Program Files (x86)\Windows Kits\10\Include\10.0.19041.0\um\winber.h(248): error C2059: syntax error: ';' [N:\Development\Dev_Base\curl-7.75.0\msvc\CMakeFiles\CMakeTmp\cmTC_31433.vcxproj]
C:\Program Files (x86)\Windows Kits\10\Include\10.0.19041.0\um\winber.h(248): error C2143: syntax error: missing ')' before '*' [N:\Development\Dev_Base\curl-7.75.0\msvc\CMakeFiles\CMakeTmp\cmTC_31433.vcxproj]
C:\Program Files (x86)\Windows Kits\10\Include\10.0.19041.0\um\winber.h(248): error C2143: syntax error: missing '{' before '*' [N:\Development\Dev_Base\curl-7.75.0\msvc\CMakeFiles\CMakeTmp\cmTC_31433.vcxproj]
C:\Program Files (x86)\Windows Kits\10\Include\10.0.19041.0\um\winber.h(248): error C2146: syntax error: missing ';' before identifier 'PSTR' [N:\Development\Dev_Base\curl-7.75.0\msvc\CMakeFiles\CMakeTmp\cmTC_31433.vcxproj]
C:\Program Files (x86)\Windows Kits\10\Include\10.0.19041.0\um\winber.h(248): error C2061: syntax error: identifier 'fmt' [N:\Development\Dev_Base\curl-7.75.0\msvc\CMakeFiles\CMakeTmp\cmTC_31433.vcxproj]
C:\Program Files (x86)\Windows Kits\10\Include\10.0.19041.0\um\winber.h(248): error C2059: syntax error: ',' [N:\Development\Dev_Base\curl-7.75.0\msvc\CMakeFiles\CMakeTmp\cmTC_31433.vcxproj]
C:\Program Files (x86)\Windows Kits\10\Include\10.0.19041.0\um\winber.h(248): error C2059: syntax error: ')' [N:\Development\Dev_Base\curl-7.75.0\msvc\CMakeFiles\CMakeTmp\cmTC_31433.vcxproj]
C:\Program Files (x86)\Windows Kits\10\Include\10.0.19041.0\um\winber.h(340): error C2061: syntax error: identifier 'ULONG' [N:\Development\Dev_Base\curl-7.75.0\msvc\CMakeFiles\CMakeTmp\cmTC_31433.vcxproj]
C:\Program Files (x86)\Windows Kits\10\Include\10.0.19041.0\um\winber.h(340): error C2059: syntax error: ';' [N:\Development\Dev_Base\curl-7.75.0\msvc\CMakeFiles\CMakeTmp\cmTC_31433.vcxproj]
C:\Program Files (x86)\Windows Kits\10\Include\10.0.19041.0\um\winber.h(340): error C2143: syntax error: missing ')' before '*' [N:\Development\Dev_Base\curl-7.75.0\msvc\CMakeFiles\CMakeTmp\cmTC_31433.vcxproj]
C:\Program Files (x86)\Windows Kits\10\Include\10.0.19041.0\um\winber.h(340): error C2143: syntax error: missing '{' before '*' [N:\Development\Dev_Base\curl-7.75.0\msvc\CMakeFiles\CMakeTmp\cmTC_31433.vcxproj]
C:\Program Files (x86)\Windows Kits\10\Include\10.0.19041.0\um\winber.h(340): error C2146: syntax error: missing ';' before identifier 'PSTR' [N:\Development\Dev_Base\curl-7.75.0\msvc\CMakeFiles\CMakeTmp\cmTC_31433.vcxproj]
C:\Program Files (x86)\Windows Kits\10\Include\10.0.19041.0\um\winber.h(340): error C2061: syntax error: identifier 'fmt' [N:\Development\Dev_Base\curl-7.75.0\msvc\CMakeFiles\CMakeTmp\cmTC_31433.vcxproj]
C:\Program Files (x86)\Windows Kits\10\Include\10.0.19041.0\um\winber.h(340): error C2059: syntax error: ',' [N:\Development\Dev_Base\curl-7.75.0\msvc\CMakeFiles\CMakeTmp\cmTC_31433.vcxproj]
C:\Program Files (x86)\Windows Kits\10\Include\10.0.19041.0\um\winber.h(340): error C2059: syntax error: ')' [N:\Development\Dev_Base\curl-7.75.0\msvc\CMakeFiles\CMakeTmp\cmTC_31433.vcxproj]

Source:
/* */
#include <winber.h>


int main(void){return 0;}

Determining if files ;ldap_ssl.h exist failed with the following output:
Change Dir: N:/Development/Dev_Base/curl-7.75.0/msvc/CMakeFiles/CMakeTmp

Run Build Command(s):C:/Program Files (x86)/Microsoft Visual Studio/2017/Enterprise/MSBuild/15.0/Bin/MSBuild.exe cmTC_ce0b7.vcxproj /p:Configuration=Debug /p:Platform=x64 /p:VisualStudioVersion=15.0 /v:m 
Microsoft (R) Build Engine version 15.9.21+g9802d43bc3 for .NET Framework
Copyright (C) Microsoft Corporation. All rights reserved.

  Microsoft (R) C/C++ Optimizing Compiler Version 19.16.27045 for x64
  Copyright (C) Microsoft Corporation.  All rights reserved.
  
  cl /c /I"C:\Program Files (x86)\Visual Leak Detector\include" /Zi /W3 /WX- /diagnostics:classic /Od /Ob0 /D WIN32 /D _WINDOWS /D _WIN32_WINNT=0x0600 /D _WINSOCKAPI_= /D "CMAKE_INTDIR=\"Debug\"" /D _MBCS /Gm- /RTC1 /MDd /GS /fp:precise /Zc:wchar_t /Zc:forScope /Zc:inline /Fo"cmTC_ce0b7.dir\Debug\\" /Fd"cmTC_ce0b7.dir\Debug\vc141.pdb" /Gd /TC /errorReport:queue "N:\Development\Dev_Base\curl-7.75.0\msvc\CMakeFiles\CheckIncludeFiles\HAVE_LDAP_SSL_H.c"
  HAVE_LDAP_SSL_H.c
  
N:\Development\Dev_Base\curl-7.75.0\msvc\CMakeFiles\CheckIncludeFiles\HAVE_LDAP_SSL_H.c(2): fatal error C1083: Cannot open include file: 'ldap_ssl.h': No such file or directory [N:\Development\Dev_Base\curl-7.75.0\msvc\CMakeFiles\CMakeTmp\cmTC_ce0b7.vcxproj]

Source:
/* */
#include <ldap_ssl.h>


int main(void){return 0;}

Determining if files ;ldapssl.h exist failed with the following output:
Change Dir: N:/Development/Dev_Base/curl-7.75.0/msvc/CMakeFiles/CMakeTmp

Run Build Command(s):C:/Program Files (x86)/Microsoft Visual Studio/2017/Enterprise/MSBuild/15.0/Bin/MSBuild.exe cmTC_96060.vcxproj /p:Configuration=Debug /p:Platform=x64 /p:VisualStudioVersion=15.0 /v:m 
Microsoft (R) Build Engine version 15.9.21+g9802d43bc3 for .NET Framework
Copyright (C) Microsoft Corporation. All rights reserved.

  Microsoft (R) C/C++ Optimizing Compiler Version 19.16.27045 for x64
  Copyright (C) Microsoft Corporation.  All rights reserved.
  
  cl /c /I"C:\Program Files (x86)\Visual Leak Detector\include" /Zi /W3 /WX- /diagnostics:classic /Od /Ob0 /D WIN32 /D _WINDOWS /D _WIN32_WINNT=0x0600 /D _WINSOCKAPI_= /D "CMAKE_INTDIR=\"Debug\"" /D _MBCS /Gm- /RTC1 /MDd /GS /fp:precise /Zc:wchar_t /Zc:forScope /Zc:inline /Fo"cmTC_96060.dir\Debug\\" /Fd"cmTC_96060.dir\Debug\vc141.pdb" /Gd /TC /errorReport:queue "N:\Development\Dev_Base\curl-7.75.0\msvc\CMakeFiles\CheckIncludeFiles\HAVE_LDAPSSL_H.c"
  HAVE_LDAPSSL_H.c
  
N:\Development\Dev_Base\curl-7.75.0\msvc\CMakeFiles\CheckIncludeFiles\HAVE_LDAPSSL_H.c(2): fatal error C1083: Cannot open include file: 'ldapssl.h': No such file or directory [N:\Development\Dev_Base\curl-7.75.0\msvc\CMakeFiles\CMakeTmp\cmTC_96060.vcxproj]

Source:
/* */
#include <ldapssl.h>


int main(void){return 0;}

Performing C SOURCE FILE Test USE_UNIX_SOCKETS failed with the following output:
Change Dir: N:/Development/Dev_Base/curl-7.75.0/msvc/CMakeFiles/CMakeTmp

Run Build Command(s):C:/Program Files (x86)/Microsoft Visual Studio/2017/Enterprise/MSBuild/15.0/Bin/MSBuild.exe cmTC_b306c.vcxproj /p:Configuration=Debug /p:Platform=x64 /p:VisualStudioVersion=15.0 /v:m 
Microsoft (R) Build Engine version 15.9.21+g9802d43bc3 for .NET Framework
Copyright (C) Microsoft Corporation. All rights reserved.

  Microsoft (R) C/C++ Optimizing Compiler Version 19.16.27045 for x64
  Copyright (C) Microsoft Corporation.  All rights reserved.
  
  cl /c /I"N:\Development\Dev_Base\zlib-1.2.11" /I"C:\Program Files (x86)\Visual Leak Detector\include" /Zi /W3 /WX- /diagnostics:classic /Od /Ob0 /D WIN32 /D _WINDOWS /D USE_UNIX_SOCKETS /D _WIN32_WINNT=0x0600 /D _WINSOCKAPI_= /D "CMAKE_INTDIR=\"Debug\"" /D _MBCS /Gm- /RTC1 /MDd /GS /fp:precise /Zc:wchar_t /Zc:forScope /Zc:inline /Fo"cmTC_b306c.dir\Debug\\" /Fd"cmTC_b306c.dir\Debug\vc141.pdb" /Gd /TC /errorReport:queue "N:\Development\Dev_Base\curl-7.75.0\msvc\CMakeFiles\CMakeTmp\src.c"
  
  src.c
N:\Development\Dev_Base\curl-7.75.0\msvc\CMakeFiles\CMakeTmp\src.c(2): fatal error C1083: Cannot open include file: 'sys/un.h': No such file or directory [N:\Development\Dev_Base\curl-7.75.0\msvc\CMakeFiles\CMakeTmp\cmTC_b306c.vcxproj]

Source file was:

#include <sys/un.h>

int main()
{
   (void)sizeof(((struct sockaddr_un *)0)->sun_path);
   return 0;
}

Determining if files windows.h;winsock.h;ws2tcpip.h;winsock2.h;stdio.h;sys/filio.h exist failed with the following output:
Change Dir: N:/Development/Dev_Base/curl-7.75.0/msvc/CMakeFiles/CMakeTmp

Run Build Command(s):C:/Program Files (x86)/Microsoft Visual Studio/2017/Enterprise/MSBuild/15.0/Bin/MSBuild.exe cmTC_7dc98.vcxproj /p:Configuration=Debug /p:Platform=x64 /p:VisualStudioVersion=15.0 /v:m 
Microsoft (R) Build Engine version 15.9.21+g9802d43bc3 for .NET Framework
Copyright (C) Microsoft Corporation. All rights reserved.

  Microsoft (R) C/C++ Optimizing Compiler Version 19.16.27045 for x64
  Copyright (C) Microsoft Corporation.  All rights reserved.
  
  cl /c /I"N:\Development\Dev_Base\zlib-1.2.11" /I"C:\Program Files (x86)\Visual Leak Detector\include" /Zi /W3 /WX- /diagnostics:classic /Od /Ob0 /D WIN32 /D _WINDOWS /D _WIN32_WINNT=0x0600 /D _WINSOCKAPI_= /D "CMAKE_INTDIR=\"Debug\"" /D _MBCS /Gm- /RTC1 /MDd /GS /fp:precise /Zc:wchar_t /Zc:forScope /Zc:inline /Fo"cmTC_7dc98.dir\Debug\\" /Fd"cmTC_7dc98.dir\Debug\vc141.pdb" /Gd /TC /errorReport:queue "N:\Development\Dev_Base\curl-7.75.0\msvc\CMakeFiles\CheckIncludeFiles\HAVE_SYS_FILIO_H.c"
  HAVE_SYS_FILIO_H.c
  
N:\Development\Dev_Base\curl-7.75.0\msvc\CMakeFiles\CheckIncludeFiles\HAVE_SYS_FILIO_H.c(7): fatal error C1083: Cannot open include file: 'sys/filio.h': No such file or directory [N:\Development\Dev_Base\curl-7.75.0\msvc\CMakeFiles\CMakeTmp\cmTC_7dc98.vcxproj]

Source:
/* */
#include <windows.h>
#include <winsock.h>
#include <ws2tcpip.h>
#include <winsock2.h>
#include <stdio.h>
#include <sys/filio.h>


int main(void){return 0;}

Determining if files windows.h;winsock.h;ws2tcpip.h;winsock2.h;stdio.h;sys/ioctl.h exist failed with the following output:
Change Dir: N:/Development/Dev_Base/curl-7.75.0/msvc/CMakeFiles/CMakeTmp

Run Build Command(s):C:/Program Files (x86)/Microsoft Visual Studio/2017/Enterprise/MSBuild/15.0/Bin/MSBuild.exe cmTC_76dbe.vcxproj /p:Configuration=Debug /p:Platform=x64 /p:VisualStudioVersion=15.0 /v:m 
Microsoft (R) Build Engine version 15.9.21+g9802d43bc3 for .NET Framework
Copyright (C) Microsoft Corporation. All rights reserved.

  Microsoft (R) C/C++ Optimizing Compiler Version 19.16.27045 for x64
  Copyright (C) Microsoft Corporation.  All rights reserved.
  
  cl /c /I"N:\Development\Dev_Base\zlib-1.2.11" /I"C:\Program Files (x86)\Visual Leak Detector\include" /Zi /W3 /WX- /diagnostics:classic /Od /Ob0 /D WIN32 /D _WINDOWS /D _WIN32_WINNT=0x0600 /D _WINSOCKAPI_= /D "CMAKE_INTDIR=\"Debug\"" /D _MBCS /Gm- /RTC1 /MDd /GS /fp:precise /Zc:wchar_t /Zc:forScope /Zc:inline /Fo"cmTC_76dbe.dir\Debug\\" /Fd"cmTC_76dbe.dir\Debug\vc141.pdb" /Gd /TC /errorReport:queue "N:\Development\Dev_Base\curl-7.75.0\msvc\CMakeFiles\CheckIncludeFiles\HAVE_SYS_IOCTL_H.c"
  HAVE_SYS_IOCTL_H.c
  
N:\Development\Dev_Base\curl-7.75.0\msvc\CMakeFiles\CheckIncludeFiles\HAVE_SYS_IOCTL_H.c(7): fatal error C1083: Cannot open include file: 'sys/ioctl.h': No such file or directory [N:\Development\Dev_Base\curl-7.75.0\msvc\CMakeFiles\CMakeTmp\cmTC_76dbe.vcxproj]

Source:
/* */
#include <windows.h>
#include <winsock.h>
#include <ws2tcpip.h>
#include <winsock2.h>
#include <stdio.h>
#include <sys/ioctl.h>


int main(void){return 0;}

Determining if files windows.h;winsock.h;ws2tcpip.h;winsock2.h;stdio.h;sys/resource.h exist failed with the following output:
Change Dir: N:/Development/Dev_Base/curl-7.75.0/msvc/CMakeFiles/CMakeTmp

Run Build Command(s):C:/Program Files (x86)/Microsoft Visual Studio/2017/Enterprise/MSBuild/15.0/Bin/MSBuild.exe cmTC_9cd27.vcxproj /p:Configuration=Debug /p:Platform=x64 /p:VisualStudioVersion=15.0 /v:m 
Microsoft (R) Build Engine version 15.9.21+g9802d43bc3 for .NET Framework
Copyright (C) Microsoft Corporation. All rights reserved.

  Microsoft (R) C/C++ Optimizing Compiler Version 19.16.27045 for x64
  Copyright (C) Microsoft Corporation.  All rights reserved.
  
  cl /c /I"N:\Development\Dev_Base\zlib-1.2.11" /I"C:\Program Files (x86)\Visual Leak Detector\include" /Zi /W3 /WX- /diagnostics:classic /Od /Ob0 /D WIN32 /D _WINDOWS /D _WIN32_WINNT=0x0600 /D _WINSOCKAPI_= /D "CMAKE_INTDIR=\"Debug\"" /D _MBCS /Gm- /RTC1 /MDd /GS /fp:precise /Zc:wchar_t /Zc:forScope /Zc:inline /Fo"cmTC_9cd27.dir\Debug\\" /Fd"cmTC_9cd27.dir\Debug\vc141.pdb" /Gd /TC /errorReport:queue "N:\Development\Dev_Base\curl-7.75.0\msvc\CMakeFiles\CheckIncludeFiles\HAVE_SYS_RESOURCE_H.c"
  HAVE_SYS_RESOURCE_H.c
  
N:\Development\Dev_Base\curl-7.75.0\msvc\CMakeFiles\CheckIncludeFiles\HAVE_SYS_RESOURCE_H.c(7): fatal error C1083: Cannot open include file: 'sys/resource.h': No such file or directory [N:\Development\Dev_Base\curl-7.75.0\msvc\CMakeFiles\CMakeTmp\cmTC_9cd27.vcxproj]

Source:
/* */
#include <windows.h>
#include <winsock.h>
#include <ws2tcpip.h>
#include <winsock2.h>
#include <stdio.h>
#include <sys/resource.h>


int main(void){return 0;}

Determining if files windows.h;winsock.h;ws2tcpip.h;winsock2.h;stdio.h;sys/stat.h;sys/types.h;sys/uio.h exist failed with the following output:
Change Dir: N:/Development/Dev_Base/curl-7.75.0/msvc/CMakeFiles/CMakeTmp

Run Build Command(s):C:/Program Files (x86)/Microsoft Visual Studio/2017/Enterprise/MSBuild/15.0/Bin/MSBuild.exe cmTC_6b9d9.vcxproj /p:Configuration=Debug /p:Platform=x64 /p:VisualStudioVersion=15.0 /v:m 
Microsoft (R) Build Engine version 15.9.21+g9802d43bc3 for .NET Framework
Copyright (C) Microsoft Corporation. All rights reserved.

  Microsoft (R) C/C++ Optimizing Compiler Version 19.16.27045 for x64
  Copyright (C) Microsoft Corporation.  All rights reserved.
  
  cl /c /I"N:\Development\Dev_Base\zlib-1.2.11" /I"C:\Program Files (x86)\Visual Leak Detector\include" /Zi /W3 /WX- /diagnostics:classic /Od /Ob0 /D WIN32 /D _WINDOWS /D _WIN32_WINNT=0x0600 /D _WINSOCKAPI_= /D "CMAKE_INTDIR=\"Debug\"" /D _MBCS /Gm- /RTC1 /MDd /GS /fp:precise /Zc:wchar_t /Zc:forScope /Zc:inline /Fo"cmTC_6b9d9.dir\Debug\\" /Fd"cmTC_6b9d9.dir\Debug\vc141.pdb" /Gd /TC /errorReport:queue "N:\Development\Dev_Base\curl-7.75.0\msvc\CMakeFiles\CheckIncludeFiles\HAVE_SYS_UIO_H.c"
  HAVE_SYS_UIO_H.c
  
N:\Development\Dev_Base\curl-7.75.0\msvc\CMakeFiles\CheckIncludeFiles\HAVE_SYS_UIO_H.c(9): fatal error C1083: Cannot open include file: 'sys/uio.h': No such file or directory [N:\Development\Dev_Base\curl-7.75.0\msvc\CMakeFiles\CMakeTmp\cmTC_6b9d9.vcxproj]

Source:
/* */
#include <windows.h>
#include <winsock.h>
#include <ws2tcpip.h>
#include <winsock2.h>
#include <stdio.h>
#include <sys/stat.h>
#include <sys/types.h>
#include <sys/uio.h>


int main(void){return 0;}

Determining if files windows.h;winsock.h;ws2tcpip.h;winsock2.h;stdio.h;sys/stat.h;sys/types.h;sys/un.h exist failed with the following output:
Change Dir: N:/Development/Dev_Base/curl-7.75.0/msvc/CMakeFiles/CMakeTmp

Run Build Command(s):C:/Program Files (x86)/Microsoft Visual Studio/2017/Enterprise/MSBuild/15.0/Bin/MSBuild.exe cmTC_322a1.vcxproj /p:Configuration=Debug /p:Platform=x64 /p:VisualStudioVersion=15.0 /v:m 
Microsoft (R) Build Engine version 15.9.21+g9802d43bc3 for .NET Framework
Copyright (C) Microsoft Corporation. All rights reserved.

  Microsoft (R) C/C++ Optimizing Compiler Version 19.16.27045 for x64
  Copyright (C) Microsoft Corporation.  All rights reserved.
  
  cl /c /I"N:\Development\Dev_Base\zlib-1.2.11" /I"C:\Program Files (x86)\Visual Leak Detector\include" /Zi /W3 /WX- /diagnostics:classic /Od /Ob0 /D WIN32 /D _WINDOWS /D _WIN32_WINNT=0x0600 /D _WINSOCKAPI_= /D "CMAKE_INTDIR=\"Debug\"" /D _MBCS /Gm- /RTC1 /MDd /GS /fp:precise /Zc:wchar_t /Zc:forScope /Zc:inline /Fo"cmTC_322a1.dir\Debug\\" /Fd"cmTC_322a1.dir\Debug\vc141.pdb" /Gd /TC /errorReport:queue "N:\Development\Dev_Base\curl-7.75.0\msvc\CMakeFiles\CheckIncludeFiles\HAVE_SYS_UN_H.c"
  HAVE_SYS_UN_H.c
  
N:\Development\Dev_Base\curl-7.75.0\msvc\CMakeFiles\CheckIncludeFiles\HAVE_SYS_UN_H.c(9): fatal error C1083: Cannot open include file: 'sys/un.h': No such file or directory [N:\Development\Dev_Base\curl-7.75.0\msvc\CMakeFiles\CMakeTmp\cmTC_322a1.vcxproj]

Source:
/* */
#include <windows.h>
#include <winsock.h>
#include <ws2tcpip.h>
#include <winsock2.h>
#include <stdio.h>
#include <sys/stat.h>
#include <sys/types.h>
#include <sys/un.h>


int main(void){return 0;}

Determining if files windows.h;winsock.h;ws2tcpip.h;winsock2.h;stdio.h;sys/stat.h;sys/types.h;sys/utime.h;sys/xattr.h exist failed with the following output:
Change Dir: N:/Development/Dev_Base/curl-7.75.0/msvc/CMakeFiles/CMakeTmp

Run Build Command(s):C:/Program Files (x86)/Microsoft Visual Studio/2017/Enterprise/MSBuild/15.0/Bin/MSBuild.exe cmTC_01a65.vcxproj /p:Configuration=Debug /p:Platform=x64 /p:VisualStudioVersion=15.0 /v:m 
Microsoft (R) Build Engine version 15.9.21+g9802d43bc3 for .NET Framework
Copyright (C) Microsoft Corporation. All rights reserved.

  Microsoft (R) C/C++ Optimizing Compiler Version 19.16.27045 for x64
  Copyright (C) Microsoft Corporation.  All rights reserved.
  
  cl /c /I"N:\Development\Dev_Base\zlib-1.2.11" /I"C:\Program Files (x86)\Visual Leak Detector\include" /Zi /W3 /WX- /diagnostics:classic /Od /Ob0 /D WIN32 /D _WINDOWS /D _WIN32_WINNT=0x0600 /D _WINSOCKAPI_= /D "CMAKE_INTDIR=\"Debug\"" /D _MBCS /Gm- /RTC1 /MDd /GS /fp:precise /Zc:wchar_t /Zc:forScope /Zc:inline /Fo"cmTC_01a65.dir\Debug\\" /Fd"cmTC_01a65.dir\Debug\vc141.pdb" /Gd /TC /errorReport:queue "N:\Development\Dev_Base\curl-7.75.0\msvc\CMakeFiles\CheckIncludeFiles\HAVE_SYS_XATTR_H.c"
  HAVE_SYS_XATTR_H.c
  
N:\Development\Dev_Base\curl-7.75.0\msvc\CMakeFiles\CheckIncludeFiles\HAVE_SYS_XATTR_H.c(10): fatal error C1083: Cannot open include file: 'sys/xattr.h': No such file or directory [N:\Development\Dev_Base\curl-7.75.0\msvc\CMakeFiles\CMakeTmp\cmTC_01a65.vcxproj]

Source:
/* */
#include <windows.h>
#include <winsock.h>
#include <ws2tcpip.h>
#include <winsock2.h>
#include <stdio.h>
#include <sys/stat.h>
#include <sys/types.h>
#include <sys/utime.h>
#include <sys/xattr.h>


int main(void){return 0;}

Determining if files windows.h;winsock.h;ws2tcpip.h;winsock2.h;stdio.h;sys/stat.h;sys/types.h;sys/utime.h;arpa/tftp.h exist failed with the following output:
Change Dir: N:/Development/Dev_Base/curl-7.75.0/msvc/CMakeFiles/CMakeTmp

Run Build Command(s):C:/Program Files (x86)/Microsoft Visual Studio/2017/Enterprise/MSBuild/15.0/Bin/MSBuild.exe cmTC_986d1.vcxproj /p:Configuration=Debug /p:Platform=x64 /p:VisualStudioVersion=15.0 /v:m 
Microsoft (R) Build Engine version 15.9.21+g9802d43bc3 for .NET Framework
Copyright (C) Microsoft Corporation. All rights reserved.

  Microsoft (R) C/C++ Optimizing Compiler Version 19.16.27045 for x64
  Copyright (C) Microsoft Corporation.  All rights reserved.
  
  cl /c /I"N:\Development\Dev_Base\zlib-1.2.11" /I"C:\Program Files (x86)\Visual Leak Detector\include" /Zi /W3 /WX- /diagnostics:classic /Od /Ob0 /D WIN32 /D _WINDOWS /D _WIN32_WINNT=0x0600 /D _WINSOCKAPI_= /D "CMAKE_INTDIR=\"Debug\"" /D _MBCS /Gm- /RTC1 /MDd /GS /fp:precise /Zc:wchar_t /Zc:forScope /Zc:inline /Fo"cmTC_986d1.dir\Debug\\" /Fd"cmTC_986d1.dir\Debug\vc141.pdb" /Gd /TC /errorReport:queue "N:\Development\Dev_Base\curl-7.75.0\msvc\CMakeFiles\CheckIncludeFiles\HAVE_ARPA_TFTP_H.c"
  HAVE_ARPA_TFTP_H.c
  
N:\Development\Dev_Base\curl-7.75.0\msvc\CMakeFiles\CheckIncludeFiles\HAVE_ARPA_TFTP_H.c(10): fatal error C1083: Cannot open include file: 'arpa/tftp.h': No such file or directory [N:\Development\Dev_Base\curl-7.75.0\msvc\CMakeFiles\CMakeTmp\cmTC_986d1.vcxproj]

Source:
/* */
#include <windows.h>
#include <winsock.h>
#include <ws2tcpip.h>
#include <winsock2.h>
#include <stdio.h>
#include <sys/stat.h>
#include <sys/types.h>
#include <sys/utime.h>
#include <arpa/tftp.h>


int main(void){return 0;}

Determining if files windows.h;winsock.h;ws2tcpip.h;winsock2.h;stdio.h;sys/stat.h;sys/types.h;sys/utime.h;assert.h;crypto.h exist failed with the following output:
Change Dir: N:/Development/Dev_Base/curl-7.75.0/msvc/CMakeFiles/CMakeTmp

Run Build Command(s):C:/Program Files (x86)/Microsoft Visual Studio/2017/Enterprise/MSBuild/15.0/Bin/MSBuild.exe cmTC_02da0.vcxproj /p:Configuration=Debug /p:Platform=x64 /p:VisualStudioVersion=15.0 /v:m 
Microsoft (R) Build Engine version 15.9.21+g9802d43bc3 for .NET Framework
Copyright (C) Microsoft Corporation. All rights reserved.

  Microsoft (R) C/C++ Optimizing Compiler Version 19.16.27045 for x64
  Copyright (C) Microsoft Corporation.  All rights reserved.
  
  cl /c /I"N:\Development\Dev_Base\zlib-1.2.11" /I"C:\Program Files (x86)\Visual Leak Detector\include" /Zi /W3 /WX- /diagnostics:classic /Od /Ob0 /D WIN32 /D _WINDOWS /D _WIN32_WINNT=0x0600 /D _WINSOCKAPI_= /D "CMAKE_INTDIR=\"Debug\"" /D _MBCS /Gm- /RTC1 /MDd /GS /fp:precise /Zc:wchar_t /Zc:forScope /Zc:inline /Fo"cmTC_02da0.dir\Debug\\" /Fd"cmTC_02da0.dir\Debug\vc141.pdb" /Gd /TC /errorReport:queue "N:\Development\Dev_Base\curl-7.75.0\msvc\CMakeFiles\CheckIncludeFiles\HAVE_CRYPTO_H.c"
  HAVE_CRYPTO_H.c
  
N:\Development\Dev_Base\curl-7.75.0\msvc\CMakeFiles\CheckIncludeFiles\HAVE_CRYPTO_H.c(11): fatal error C1083: Cannot open include file: 'crypto.h': No such file or directory [N:\Development\Dev_Base\curl-7.75.0\msvc\CMakeFiles\CMakeTmp\cmTC_02da0.vcxproj]

Source:
/* */
#include <windows.h>
#include <winsock.h>
#include <ws2tcpip.h>
#include <winsock2.h>
#include <stdio.h>
#include <sys/stat.h>
#include <sys/types.h>
#include <sys/utime.h>
#include <assert.h>
#include <crypto.h>


int main(void){return 0;}

Determining if files windows.h;winsock.h;ws2tcpip.h;winsock2.h;stdio.h;sys/stat.h;sys/types.h;sys/utime.h;assert.h;err.h exist failed with the following output:
Change Dir: N:/Development/Dev_Base/curl-7.75.0/msvc/CMakeFiles/CMakeTmp

Run Build Command(s):C:/Program Files (x86)/Microsoft Visual Studio/2017/Enterprise/MSBuild/15.0/Bin/MSBuild.exe cmTC_8ab81.vcxproj /p:Configuration=Debug /p:Platform=x64 /p:VisualStudioVersion=15.0 /v:m 
Microsoft (R) Build Engine version 15.9.21+g9802d43bc3 for .NET Framework
Copyright (C) Microsoft Corporation. All rights reserved.

  Microsoft (R) C/C++ Optimizing Compiler Version 19.16.27045 for x64
  Copyright (C) Microsoft Corporation.  All rights reserved.
  
  cl /c /I"N:\Development\Dev_Base\zlib-1.2.11" /I"C:\Program Files (x86)\Visual Leak Detector\include" /Zi /W3 /WX- /diagnostics:classic /Od /Ob0 /D WIN32 /D _WINDOWS /D _WIN32_WINNT=0x0600 /D _WINSOCKAPI_= /D "CMAKE_INTDIR=\"Debug\"" /D _MBCS /Gm- /RTC1 /MDd /GS /fp:precise /Zc:wchar_t /Zc:forScope /Zc:inline /Fo"cmTC_8ab81.dir\Debug\\" /Fd"cmTC_8ab81.dir\Debug\vc141.pdb" /Gd /TC /errorReport:queue "N:\Development\Dev_Base\curl-7.75.0\msvc\CMakeFiles\CheckIncludeFiles\HAVE_ERR_H.c"
  HAVE_ERR_H.c
  
N:\Development\Dev_Base\curl-7.75.0\msvc\CMakeFiles\CheckIncludeFiles\HAVE_ERR_H.c(11): fatal error C1083: Cannot open include file: 'err.h': No such file or directory [N:\Development\Dev_Base\curl-7.75.0\msvc\CMakeFiles\CMakeTmp\cmTC_8ab81.vcxproj]

Source:
/* */
#include <windows.h>
#include <winsock.h>
#include <ws2tcpip.h>
#include <winsock2.h>
#include <stdio.h>
#include <sys/stat.h>
#include <sys/types.h>
#include <sys/utime.h>
#include <assert.h>
#include <err.h>


int main(void){return 0;}

Determining if files windows.h;winsock.h;ws2tcpip.h;winsock2.h;stdio.h;sys/stat.h;sys/types.h;sys/utime.h;assert.h;errno.h;fcntl.h;idn2.h exist failed with the following output:
Change Dir: N:/Development/Dev_Base/curl-7.75.0/msvc/CMakeFiles/CMakeTmp

Run Build Command(s):C:/Program Files (x86)/Microsoft Visual Studio/2017/Enterprise/MSBuild/15.0/Bin/MSBuild.exe cmTC_abd42.vcxproj /p:Configuration=Debug /p:Platform=x64 /p:VisualStudioVersion=15.0 /v:m 
Microsoft (R) Build Engine version 15.9.21+g9802d43bc3 for .NET Framework
Copyright (C) Microsoft Corporation. All rights reserved.

  Microsoft (R) C/C++ Optimizing Compiler Version 19.16.27045 for x64
  Copyright (C) Microsoft Corporation.  All rights reserved.
  
  cl /c /I"N:\Development\Dev_Base\zlib-1.2.11" /I"C:\Program Files (x86)\Visual Leak Detector\include" /Zi /W3 /WX- /diagnostics:classic /Od /Ob0 /D WIN32 /D _WINDOWS /D _WIN32_WINNT=0x0600 /D _WINSOCKAPI_= /D "CMAKE_INTDIR=\"Debug\"" /D _MBCS /Gm- /RTC1 /MDd /GS /fp:precise /Zc:wchar_t /Zc:forScope /Zc:inline /Fo"cmTC_abd42.dir\Debug\\" /Fd"cmTC_abd42.dir\Debug\vc141.pdb" /Gd /TC /errorReport:queue "N:\Development\Dev_Base\curl-7.75.0\msvc\CMakeFiles\CheckIncludeFiles\HAVE_IDN2_H.c"
  HAVE_IDN2_H.c
  
N:\Development\Dev_Base\curl-7.75.0\msvc\CMakeFiles\CheckIncludeFiles\HAVE_IDN2_H.c(13): fatal error C1083: Cannot open include file: 'idn2.h': No such file or directory [N:\Development\Dev_Base\curl-7.75.0\msvc\CMakeFiles\CMakeTmp\cmTC_abd42.vcxproj]

Source:
/* */
#include <windows.h>
#include <winsock.h>
#include <ws2tcpip.h>
#include <winsock2.h>
#include <stdio.h>
#include <sys/stat.h>
#include <sys/types.h>
#include <sys/utime.h>
#include <assert.h>
#include <errno.h>
#include <fcntl.h>
#include <idn2.h>


int main(void){return 0;}

Determining if files windows.h;winsock.h;ws2tcpip.h;winsock2.h;stdio.h;sys/stat.h;sys/types.h;sys/utime.h;assert.h;errno.h;fcntl.h;ifaddrs.h exist failed with the following output:
Change Dir: N:/Development/Dev_Base/curl-7.75.0/msvc/CMakeFiles/CMakeTmp

Run Build Command(s):C:/Program Files (x86)/Microsoft Visual Studio/2017/Enterprise/MSBuild/15.0/Bin/MSBuild.exe cmTC_e8777.vcxproj /p:Configuration=Debug /p:Platform=x64 /p:VisualStudioVersion=15.0 /v:m 
Microsoft (R) Build Engine version 15.9.21+g9802d43bc3 for .NET Framework
Copyright (C) Microsoft Corporation. All rights reserved.

  Microsoft (R) C/C++ Optimizing Compiler Version 19.16.27045 for x64
  Copyright (C) Microsoft Corporation.  All rights reserved.
  
  cl /c /I"N:\Development\Dev_Base\zlib-1.2.11" /I"C:\Program Files (x86)\Visual Leak Detector\include" /Zi /W3 /WX- /diagnostics:classic /Od /Ob0 /D WIN32 /D _WINDOWS /D _WIN32_WINNT=0x0600 /D _WINSOCKAPI_= /D "CMAKE_INTDIR=\"Debug\"" /D _MBCS /Gm- /RTC1 /MDd /GS /fp:precise /Zc:wchar_t /Zc:forScope /Zc:inline /Fo"cmTC_e8777.dir\Debug\\" /Fd"cmTC_e8777.dir\Debug\vc141.pdb" /Gd /TC /errorReport:queue "N:\Development\Dev_Base\curl-7.75.0\msvc\CMakeFiles\CheckIncludeFiles\HAVE_IFADDRS_H.c"
  HAVE_IFADDRS_H.c
  
N:\Development\Dev_Base\curl-7.75.0\msvc\CMakeFiles\CheckIncludeFiles\HAVE_IFADDRS_H.c(13): fatal error C1083: Cannot open include file: 'ifaddrs.h': No such file or directory [N:\Development\Dev_Base\curl-7.75.0\msvc\CMakeFiles\CMakeTmp\cmTC_e8777.vcxproj]

Source:
/* */
#include <windows.h>
#include <winsock.h>
#include <ws2tcpip.h>
#include <winsock2.h>
#include <stdio.h>
#include <sys/stat.h>
#include <sys/types.h>
#include <sys/utime.h>
#include <assert.h>
#include <errno.h>
#include <fcntl.h>
#include <ifaddrs.h>


int main(void){return 0;}

Determining if files windows.h;winsock.h;ws2tcpip.h;winsock2.h;stdio.h;sys/stat.h;sys/types.h;sys/utime.h;assert.h;errno.h;fcntl.h;io.h;krb.h exist failed with the following output:
Change Dir: N:/Development/Dev_Base/curl-7.75.0/msvc/CMakeFiles/CMakeTmp

Run Build Command(s):C:/Program Files (x86)/Microsoft Visual Studio/2017/Enterprise/MSBuild/15.0/Bin/MSBuild.exe cmTC_81276.vcxproj /p:Configuration=Debug /p:Platform=x64 /p:VisualStudioVersion=15.0 /v:m 
Microsoft (R) Build Engine version 15.9.21+g9802d43bc3 for .NET Framework
Copyright (C) Microsoft Corporation. All rights reserved.

  Microsoft (R) C/C++ Optimizing Compiler Version 19.16.27045 for x64
  Copyright (C) Microsoft Corporation.  All rights reserved.
  
  cl /c /I"N:\Development\Dev_Base\zlib-1.2.11" /I"C:\Program Files (x86)\Visual Leak Detector\include" /Zi /W3 /WX- /diagnostics:classic /Od /Ob0 /D WIN32 /D _WINDOWS /D _WIN32_WINNT=0x0600 /D _WINSOCKAPI_= /D "CMAKE_INTDIR=\"Debug\"" /D _MBCS /Gm- /RTC1 /MDd /GS /fp:precise /Zc:wchar_t /Zc:forScope /Zc:inline /Fo"cmTC_81276.dir\Debug\\" /Fd"cmTC_81276.dir\Debug\vc141.pdb" /Gd /TC /errorReport:queue "N:\Development\Dev_Base\curl-7.75.0\msvc\CMakeFiles\CheckIncludeFiles\HAVE_KRB_H.c"
  HAVE_KRB_H.c
  
N:\Development\Dev_Base\curl-7.75.0\msvc\CMakeFiles\CheckIncludeFiles\HAVE_KRB_H.c(14): fatal error C1083: Cannot open include file: 'krb.h': No such file or directory [N:\Development\Dev_Base\curl-7.75.0\msvc\CMakeFiles\CMakeTmp\cmTC_81276.vcxproj]

Source:
/* */
#include <windows.h>
#include <winsock.h>
#include <ws2tcpip.h>
#include <winsock2.h>
#include <stdio.h>
#include <sys/stat.h>
#include <sys/types.h>
#include <sys/utime.h>
#include <assert.h>
#include <errno.h>
#include <fcntl.h>
#include <io.h>
#include <krb.h>


int main(void){return 0;}

Determining if files windows.h;winsock.h;ws2tcpip.h;winsock2.h;stdio.h;sys/stat.h;sys/types.h;sys/utime.h;assert.h;errno.h;fcntl.h;io.h;libgen.h exist failed with the following output:
Change Dir: N:/Development/Dev_Base/curl-7.75.0/msvc/CMakeFiles/CMakeTmp

Run Build Command(s):C:/Program Files (x86)/Microsoft Visual Studio/2017/Enterprise/MSBuild/15.0/Bin/MSBuild.exe cmTC_9ff82.vcxproj /p:Configuration=Debug /p:Platform=x64 /p:VisualStudioVersion=15.0 /v:m 
Microsoft (R) Build Engine version 15.9.21+g9802d43bc3 for .NET Framework
Copyright (C) Microsoft Corporation. All rights reserved.

  Microsoft (R) C/C++ Optimizing Compiler Version 19.16.27045 for x64
  Copyright (C) Microsoft Corporation.  All rights reserved.
  
  cl /c /I"N:\Development\Dev_Base\zlib-1.2.11" /I"C:\Program Files (x86)\Visual Leak Detector\include" /Zi /W3 /WX- /diagnostics:classic /Od /Ob0 /D WIN32 /D _WINDOWS /D _WIN32_WINNT=0x0600 /D _WINSOCKAPI_= /D "CMAKE_INTDIR=\"Debug\"" /D _MBCS /Gm- /RTC1 /MDd /GS /fp:precise /Zc:wchar_t /Zc:forScope /Zc:inline /Fo"cmTC_9ff82.dir\Debug\\" /Fd"cmTC_9ff82.dir\Debug\vc141.pdb" /Gd /TC /errorReport:queue "N:\Development\Dev_Base\curl-7.75.0\msvc\CMakeFiles\CheckIncludeFiles\HAVE_LIBGEN_H.c"
  HAVE_LIBGEN_H.c
  
N:\Development\Dev_Base\curl-7.75.0\msvc\CMakeFiles\CheckIncludeFiles\HAVE_LIBGEN_H.c(14): fatal error C1083: Cannot open include file: 'libgen.h': No such file or directory [N:\Development\Dev_Base\curl-7.75.0\msvc\CMakeFiles\CMakeTmp\cmTC_9ff82.vcxproj]

Source:
/* */
#include <windows.h>
#include <winsock.h>
#include <ws2tcpip.h>
#include <winsock2.h>
#include <stdio.h>
#include <sys/stat.h>
#include <sys/types.h>
#include <sys/utime.h>
#include <assert.h>
#include <errno.h>
#include <fcntl.h>
#include <io.h>
#include <libgen.h>


int main(void){return 0;}

Determining if files windows.h;winsock.h;ws2tcpip.h;winsock2.h;stdio.h;sys/stat.h;sys/types.h;sys/utime.h;assert.h;errno.h;fcntl.h;io.h;locale.h;netinet/tcp.h exist failed with the following output:
Change Dir: N:/Development/Dev_Base/curl-7.75.0/msvc/CMakeFiles/CMakeTmp

Run Build Command(s):C:/Program Files (x86)/Microsoft Visual Studio/2017/Enterprise/MSBuild/15.0/Bin/MSBuild.exe cmTC_c5dd8.vcxproj /p:Configuration=Debug /p:Platform=x64 /p:VisualStudioVersion=15.0 /v:m 
Microsoft (R) Build Engine version 15.9.21+g9802d43bc3 for .NET Framework
Copyright (C) Microsoft Corporation. All rights reserved.

  Microsoft (R) C/C++ Optimizing Compiler Version 19.16.27045 for x64
  Copyright (C) Microsoft Corporation.  All rights reserved.
  
  cl /c /I"N:\Development\Dev_Base\zlib-1.2.11" /I"C:\Program Files (x86)\Visual Leak Detector\include" /Zi /W3 /WX- /diagnostics:classic /Od /Ob0 /D WIN32 /D _WINDOWS /D _WIN32_WINNT=0x0600 /D _WINSOCKAPI_= /D "CMAKE_INTDIR=\"Debug\"" /D _MBCS /Gm- /RTC1 /MDd /GS /fp:precise /Zc:wchar_t /Zc:forScope /Zc:inline /Fo"cmTC_c5dd8.dir\Debug\\" /Fd"cmTC_c5dd8.dir\Debug\vc141.pdb" /Gd /TC /errorReport:queue "N:\Development\Dev_Base\curl-7.75.0\msvc\CMakeFiles\CheckIncludeFiles\HAVE_NETINET_TCP_H.c"
  HAVE_NETINET_TCP_H.c
  
N:\Development\Dev_Base\curl-7.75.0\msvc\CMakeFiles\CheckIncludeFiles\HAVE_NETINET_TCP_H.c(15): fatal error C1083: Cannot open include file: 'netinet/tcp.h': No such file or directory [N:\Development\Dev_Base\curl-7.75.0\msvc\CMakeFiles\CMakeTmp\cmTC_c5dd8.vcxproj]

Source:
/* */
#include <windows.h>
#include <winsock.h>
#include <ws2tcpip.h>
#include <winsock2.h>
#include <stdio.h>
#include <sys/stat.h>
#include <sys/types.h>
#include <sys/utime.h>
#include <assert.h>
#include <errno.h>
#include <fcntl.h>
#include <io.h>
#include <locale.h>
#include <netinet/tcp.h>


int main(void){return 0;}

Determining if the include file linux/tcp.h exists failed with the following output:
Change Dir: N:/Development/Dev_Base/curl-7.75.0/msvc/CMakeFiles/CMakeTmp

Run Build Command(s):C:/Program Files (x86)/Microsoft Visual Studio/2017/Enterprise/MSBuild/15.0/Bin/MSBuild.exe cmTC_0266f.vcxproj /p:Configuration=Debug /p:Platform=x64 /p:VisualStudioVersion=15.0 /v:m 
Microsoft (R) Build Engine version 15.9.21+g9802d43bc3 for .NET Framework
Copyright (C) Microsoft Corporation. All rights reserved.

  Microsoft (R) C/C++ Optimizing Compiler Version 19.16.27045 for x64
  Copyright (C) Microsoft Corporation.  All rights reserved.
  
  cl /c /I"N:\Development\Dev_Base\zlib-1.2.11" /I"C:\Program Files (x86)\Visual Leak Detector\include" /Zi /W3 /WX- /diagnostics:classic /Od /Ob0 /D WIN32 /D _WINDOWS /D _WIN32_WINNT=0x0600 /D _WINSOCKAPI_= /D "CMAKE_INTDIR=\"Debug\"" /D _MBCS /Gm- /RTC1 /MDd /GS /fp:precise /Zc:wchar_t /Zc:forScope /Zc:inline /Fo"cmTC_0266f.dir\Debug\\" /Fd"cmTC_0266f.dir\Debug\vc141.pdb" /Gd /TC /errorReport:queue "N:\Development\Dev_Base\curl-7.75.0\msvc\CMakeFiles\CMakeTmp\CheckIncludeFile.c"
  CheckIncludeFile.c
  
N:\Development\Dev_Base\curl-7.75.0\msvc\CMakeFiles\CMakeTmp\CheckIncludeFile.c(1): fatal error C1083: Cannot open include file: 'linux/tcp.h': No such file or directory [N:\Development\Dev_Base\curl-7.75.0\msvc\CMakeFiles\CMakeTmp\cmTC_0266f.vcxproj]


Determining if files windows.h;winsock.h;ws2tcpip.h;winsock2.h;stdio.h;sys/stat.h;sys/types.h;sys/utime.h;assert.h;errno.h;fcntl.h;io.h;locale.h;pem.h exist failed with the following output:
Change Dir: N:/Development/Dev_Base/curl-7.75.0/msvc/CMakeFiles/CMakeTmp

Run Build Command(s):C:/Program Files (x86)/Microsoft Visual Studio/2017/Enterprise/MSBuild/15.0/Bin/MSBuild.exe cmTC_f154d.vcxproj /p:Configuration=Debug /p:Platform=x64 /p:VisualStudioVersion=15.0 /v:m 
Microsoft (R) Build Engine version 15.9.21+g9802d43bc3 for .NET Framework
Copyright (C) Microsoft Corporation. All rights reserved.

  Microsoft (R) C/C++ Optimizing Compiler Version 19.16.27045 for x64
  Copyright (C) Microsoft Corporation.  All rights reserved.
  
  cl /c /I"N:\Development\Dev_Base\zlib-1.2.11" /I"C:\Program Files (x86)\Visual Leak Detector\include" /Zi /W3 /WX- /diagnostics:classic /Od /Ob0 /D WIN32 /D _WINDOWS /D _WIN32_WINNT=0x0600 /D _WINSOCKAPI_= /D "CMAKE_INTDIR=\"Debug\"" /D _MBCS /Gm- /RTC1 /MDd /GS /fp:precise /Zc:wchar_t /Zc:forScope /Zc:inline /Fo"cmTC_f154d.dir\Debug\\" /Fd"cmTC_f154d.dir\Debug\vc141.pdb" /Gd /TC /errorReport:queue "N:\Development\Dev_Base\curl-7.75.0\msvc\CMakeFiles\CheckIncludeFiles\HAVE_PEM_H.c"
  HAVE_PEM_H.c
  
N:\Development\Dev_Base\curl-7.75.0\msvc\CMakeFiles\CheckIncludeFiles\HAVE_PEM_H.c(15): fatal error C1083: Cannot open include file: 'pem.h': No such file or directory [N:\Development\Dev_Base\curl-7.75.0\msvc\CMakeFiles\CMakeTmp\cmTC_f154d.vcxproj]

Source:
/* */
#include <windows.h>
#include <winsock.h>
#include <ws2tcpip.h>
#include <winsock2.h>
#include <stdio.h>
#include <sys/stat.h>
#include <sys/types.h>
#include <sys/utime.h>
#include <assert.h>
#include <errno.h>
#include <fcntl.h>
#include <io.h>
#include <locale.h>
#include <pem.h>


int main(void){return 0;}

Determining if files windows.h;winsock.h;ws2tcpip.h;winsock2.h;stdio.h;sys/stat.h;sys/types.h;sys/utime.h;assert.h;errno.h;fcntl.h;io.h;locale.h;poll.h exist failed with the following output:
Change Dir: N:/Development/Dev_Base/curl-7.75.0/msvc/CMakeFiles/CMakeTmp

Run Build Command(s):C:/Program Files (x86)/Microsoft Visual Studio/2017/Enterprise/MSBuild/15.0/Bin/MSBuild.exe cmTC_8a983.vcxproj /p:Configuration=Debug /p:Platform=x64 /p:VisualStudioVersion=15.0 /v:m 
Microsoft (R) Build Engine version 15.9.21+g9802d43bc3 for .NET Framework
Copyright (C) Microsoft Corporation. All rights reserved.

  Microsoft (R) C/C++ Optimizing Compiler Version 19.16.27045 for x64
  Copyright (C) Microsoft Corporation.  All rights reserved.
  
  cl /c /I"N:\Development\Dev_Base\zlib-1.2.11" /I"C:\Program Files (x86)\Visual Leak Detector\include" /Zi /W3 /WX- /diagnostics:classic /Od /Ob0 /D WIN32 /D _WINDOWS /D _WIN32_WINNT=0x0600 /D _WINSOCKAPI_= /D "CMAKE_INTDIR=\"Debug\"" /D _MBCS /Gm- /RTC1 /MDd /GS /fp:precise /Zc:wchar_t /Zc:forScope /Zc:inline /Fo"cmTC_8a983.dir\Debug\\" /Fd"cmTC_8a983.dir\Debug\vc141.pdb" /Gd /TC /errorReport:queue "N:\Development\Dev_Base\curl-7.75.0\msvc\CMakeFiles\CheckIncludeFiles\HAVE_POLL_H.c"
  HAVE_POLL_H.c
  
N:\Development\Dev_Base\curl-7.75.0\msvc\CMakeFiles\CheckIncludeFiles\HAVE_POLL_H.c(15): fatal error C1083: Cannot open include file: 'poll.h': No such file or directory [N:\Development\Dev_Base\curl-7.75.0\msvc\CMakeFiles\CMakeTmp\cmTC_8a983.vcxproj]

Source:
/* */
#include <windows.h>
#include <winsock.h>
#include <ws2tcpip.h>
#include <winsock2.h>
#include <stdio.h>
#include <sys/stat.h>
#include <sys/types.h>
#include <sys/utime.h>
#include <assert.h>
#include <errno.h>
#include <fcntl.h>
#include <io.h>
#include <locale.h>
#include <poll.h>


int main(void){return 0;}

Determining if files windows.h;winsock.h;ws2tcpip.h;winsock2.h;stdio.h;sys/stat.h;sys/types.h;sys/utime.h;assert.h;errno.h;fcntl.h;io.h;locale.h;rsa.h exist failed with the following output:
Change Dir: N:/Development/Dev_Base/curl-7.75.0/msvc/CMakeFiles/CMakeTmp

Run Build Command(s):C:/Program Files (x86)/Microsoft Visual Studio/2017/Enterprise/MSBuild/15.0/Bin/MSBuild.exe cmTC_f6772.vcxproj /p:Configuration=Debug /p:Platform=x64 /p:VisualStudioVersion=15.0 /v:m 
Microsoft (R) Build Engine version 15.9.21+g9802d43bc3 for .NET Framework
Copyright (C) Microsoft Corporation. All rights reserved.

  Microsoft (R) C/C++ Optimizing Compiler Version 19.16.27045 for x64
  Copyright (C) Microsoft Corporation.  All rights reserved.
  
  cl /c /I"N:\Development\Dev_Base\zlib-1.2.11" /I"C:\Program Files (x86)\Visual Leak Detector\include" /Zi /W3 /WX- /diagnostics:classic /Od /Ob0 /D WIN32 /D _WINDOWS /D _WIN32_WINNT=0x0600 /D _WINSOCKAPI_= /D "CMAKE_INTDIR=\"Debug\"" /D _MBCS /Gm- /RTC1 /MDd /GS /fp:precise /Zc:wchar_t /Zc:forScope /Zc:inline /Fo"cmTC_f6772.dir\Debug\\" /Fd"cmTC_f6772.dir\Debug\vc141.pdb" /Gd /TC /errorReport:queue "N:\Development\Dev_Base\curl-7.75.0\msvc\CMakeFiles\CheckIncludeFiles\HAVE_RSA_H.c"
  HAVE_RSA_H.c
  
N:\Development\Dev_Base\curl-7.75.0\msvc\CMakeFiles\CheckIncludeFiles\HAVE_RSA_H.c(15): fatal error C1083: Cannot open include file: 'rsa.h': No such file or directory [N:\Development\Dev_Base\curl-7.75.0\msvc\CMakeFiles\CMakeTmp\cmTC_f6772.vcxproj]

Source:
/* */
#include <windows.h>
#include <winsock.h>
#include <ws2tcpip.h>
#include <winsock2.h>
#include <stdio.h>
#include <sys/stat.h>
#include <sys/types.h>
#include <sys/utime.h>
#include <assert.h>
#include <errno.h>
#include <fcntl.h>
#include <io.h>
#include <locale.h>
#include <rsa.h>


int main(void){return 0;}

Determining if files windows.h;winsock.h;ws2tcpip.h;winsock2.h;stdio.h;sys/stat.h;sys/types.h;sys/utime.h;assert.h;errno.h;fcntl.h;io.h;locale.h;setjmp.h;signal.h;ssl.h exist failed with the following output:
Change Dir: N:/Development/Dev_Base/curl-7.75.0/msvc/CMakeFiles/CMakeTmp

Run Build Command(s):C:/Program Files (x86)/Microsoft Visual Studio/2017/Enterprise/MSBuild/15.0/Bin/MSBuild.exe cmTC_169a1.vcxproj /p:Configuration=Debug /p:Platform=x64 /p:VisualStudioVersion=15.0 /v:m 
Microsoft (R) Build Engine version 15.9.21+g9802d43bc3 for .NET Framework
Copyright (C) Microsoft Corporation. All rights reserved.

  Microsoft (R) C/C++ Optimizing Compiler Version 19.16.27045 for x64
  Copyright (C) Microsoft Corporation.  All rights reserved.
  
  cl /c /I"N:\Development\Dev_Base\zlib-1.2.11" /I"C:\Program Files (x86)\Visual Leak Detector\include" /Zi /W3 /WX- /diagnostics:classic /Od /Ob0 /D WIN32 /D _WINDOWS /D _WIN32_WINNT=0x0600 /D _WINSOCKAPI_= /D "CMAKE_INTDIR=\"Debug\"" /D _MBCS /Gm- /RTC1 /MDd /GS /fp:precise /Zc:wchar_t /Zc:forScope /Zc:inline /Fo"cmTC_169a1.dir\Debug\\" /Fd"cmTC_169a1.dir\Debug\vc141.pdb" /Gd /TC /errorReport:queue "N:\Development\Dev_Base\curl-7.75.0\msvc\CMakeFiles\CheckIncludeFiles\HAVE_SSL_H.c"
  HAVE_SSL_H.c
  
N:\Development\Dev_Base\curl-7.75.0\msvc\CMakeFiles\CheckIncludeFiles\HAVE_SSL_H.c(17): fatal error C1083: Cannot open include file: 'ssl.h': No such file or directory [N:\Development\Dev_Base\curl-7.75.0\msvc\CMakeFiles\CMakeTmp\cmTC_169a1.vcxproj]

Source:
/* */
#include <windows.h>
#include <winsock.h>
#include <ws2tcpip.h>
#include <winsock2.h>
#include <stdio.h>
#include <sys/stat.h>
#include <sys/types.h>
#include <sys/utime.h>
#include <assert.h>
#include <errno.h>
#include <fcntl.h>
#include <io.h>
#include <locale.h>
#include <setjmp.h>
#include <signal.h>
#include <ssl.h>


int main(void){return 0;}

Determining if files windows.h;winsock.h;ws2tcpip.h;winsock2.h;stdio.h;sys/stat.h;sys/types.h;sys/utime.h;assert.h;errno.h;fcntl.h;io.h;locale.h;setjmp.h;signal.h;stdbool.h;stdio.h;stdlib.h;string.h;stropts.h exist failed with the following output:
Change Dir: N:/Development/Dev_Base/curl-7.75.0/msvc/CMakeFiles/CMakeTmp

Run Build Command(s):C:/Program Files (x86)/Microsoft Visual Studio/2017/Enterprise/MSBuild/15.0/Bin/MSBuild.exe cmTC_72da1.vcxproj /p:Configuration=Debug /p:Platform=x64 /p:VisualStudioVersion=15.0 /v:m 
Microsoft (R) Build Engine version 15.9.21+g9802d43bc3 for .NET Framework
Copyright (C) Microsoft Corporation. All rights reserved.

  Microsoft (R) C/C++ Optimizing Compiler Version 19.16.27045 for x64
  Copyright (C) Microsoft Corporation.  All rights reserved.
  
  cl /c /I"N:\Development\Dev_Base\zlib-1.2.11" /I"C:\Program Files (x86)\Visual Leak Detector\include" /Zi /W3 /WX- /diagnostics:classic /Od /Ob0 /D WIN32 /D _WINDOWS /D _WIN32_WINNT=0x0600 /D _WINSOCKAPI_= /D "CMAKE_INTDIR=\"Debug\"" /D _MBCS /Gm- /RTC1 /MDd /GS /fp:precise /Zc:wchar_t /Zc:forScope /Zc:inline /Fo"cmTC_72da1.dir\Debug\\" /Fd"cmTC_72da1.dir\Debug\vc141.pdb" /Gd /TC /errorReport:queue "N:\Development\Dev_Base\curl-7.75.0\msvc\CMakeFiles\CheckIncludeFiles\HAVE_STROPTS_H.c"
  HAVE_STROPTS_H.c
  
N:\Development\Dev_Base\curl-7.75.0\msvc\CMakeFiles\CheckIncludeFiles\HAVE_STROPTS_H.c(21): fatal error C1083: Cannot open include file: 'stropts.h': No such file or directory [N:\Development\Dev_Base\curl-7.75.0\msvc\CMakeFiles\CMakeTmp\cmTC_72da1.vcxproj]

Source:
/* */
#include <windows.h>
#include <winsock.h>
#include <ws2tcpip.h>
#include <winsock2.h>
#include <stdio.h>
#include <sys/stat.h>
#include <sys/types.h>
#include <sys/utime.h>
#include <assert.h>
#include <errno.h>
#include <fcntl.h>
#include <io.h>
#include <locale.h>
#include <setjmp.h>
#include <signal.h>
#include <stdbool.h>
#include <stdio.h>
#include <stdlib.h>
#include <string.h>
#include <stropts.h>


int main(void){return 0;}

Determining if files windows.h;winsock.h;ws2tcpip.h;winsock2.h;stdio.h;sys/stat.h;sys/types.h;sys/utime.h;assert.h;errno.h;fcntl.h;io.h;locale.h;setjmp.h;signal.h;stdbool.h;stdio.h;stdlib.h;string.h;time.h;process.h;stddef.h;malloc.h;memory.h;sys/utsname.h exist failed with the following output:
Change Dir: N:/Development/Dev_Base/curl-7.75.0/msvc/CMakeFiles/CMakeTmp

Run Build Command(s):C:/Program Files (x86)/Microsoft Visual Studio/2017/Enterprise/MSBuild/15.0/Bin/MSBuild.exe cmTC_71389.vcxproj /p:Configuration=Debug /p:Platform=x64 /p:VisualStudioVersion=15.0 /v:m 
Microsoft (R) Build Engine version 15.9.21+g9802d43bc3 for .NET Framework
Copyright (C) Microsoft Corporation. All rights reserved.

  Microsoft (R) C/C++ Optimizing Compiler Version 19.16.27045 for x64
  Copyright (C) Microsoft Corporation.  All rights reserved.
  
  cl /c /I"N:\Development\Dev_Base\zlib-1.2.11" /I"C:\Program Files (x86)\Visual Leak Detector\include" /Zi /W3 /WX- /diagnostics:classic /Od /Ob0 /D WIN32 /D _WINDOWS /D _WIN32_WINNT=0x0600 /D _WINSOCKAPI_= /D "CMAKE_INTDIR=\"Debug\"" /D _MBCS /Gm- /RTC1 /MDd /GS /fp:precise /Zc:wchar_t /Zc:forScope /Zc:inline /Fo"cmTC_71389.dir\Debug\\" /Fd"cmTC_71389.dir\Debug\vc141.pdb" /Gd /TC /errorReport:queue "N:\Development\Dev_Base\curl-7.75.0\msvc\CMakeFiles\CheckIncludeFiles\HAVE_SYS_UTSNAME_H.c"
  HAVE_SYS_UTSNAME_H.c
  
N:\Development\Dev_Base\curl-7.75.0\msvc\CMakeFiles\CheckIncludeFiles\HAVE_SYS_UTSNAME_H.c(26): fatal error C1083: Cannot open include file: 'sys/utsname.h': No such file or directory [N:\Development\Dev_Base\curl-7.75.0\msvc\CMakeFiles\CMakeTmp\cmTC_71389.vcxproj]

Source:
/* */
#include <windows.h>
#include <winsock.h>
#include <ws2tcpip.h>
#include <winsock2.h>
#include <stdio.h>
#include <sys/stat.h>
#include <sys/types.h>
#include <sys/utime.h>
#include <assert.h>
#include <errno.h>
#include <fcntl.h>
#include <io.h>
#include <locale.h>
#include <setjmp.h>
#include <signal.h>
#include <stdbool.h>
#include <stdio.h>
#include <stdlib.h>
#include <string.h>
#include <time.h>
#include <process.h>
#include <stddef.h>
#include <malloc.h>
#include <memory.h>
#include <sys/utsname.h>


int main(void){return 0;}

Determining size of ssize_t failed with the following output:
Change Dir: N:/Development/Dev_Base/curl-7.75.0/msvc/CMakeFiles/CMakeTmp

Run Build Command(s):C:/Program Files (x86)/Microsoft Visual Studio/2017/Enterprise/MSBuild/15.0/Bin/MSBuild.exe cmTC_782f8.vcxproj /p:Configuration=Debug /p:Platform=x64 /p:VisualStudioVersion=15.0 /v:m 
Microsoft (R) Build Engine version 15.9.21+g9802d43bc3 for .NET Framework
Copyright (C) Microsoft Corporation. All rights reserved.

  Microsoft (R) C/C++ Optimizing Compiler Version 19.16.27045 for x64
  Copyright (C) Microsoft Corporation.  All rights reserved.
  
  cl /c /I"N:\Development\Dev_Base\zlib-1.2.11" /I"C:\Program Files (x86)\Visual Leak Detector\include" /Zi /W3 /WX- /diagnostics:classic /Od /Ob0 /D WIN32 /D _WINDOWS /D _WIN32_WINNT=0x0600 /D _WINSOCKAPI_= /D "CMAKE_INTDIR=\"Debug\"" /D _MBCS /Gm- /RTC1 /MDd /GS /fp:precise /Zc:wchar_t /Zc:forScope /Zc:inline /Fo"cmTC_782f8.dir\Debug\\" /Fd"cmTC_782f8.dir\Debug\vc141.pdb" /Gd /TC /errorReport:queue "N:\Development\Dev_Base\curl-7.75.0\msvc\CMakeFiles\CheckTypeSize\SIZEOF_SSIZE_T.c"
  SIZEOF_SSIZE_T.c
  
N:\Development\Dev_Base\curl-7.75.0\msvc\CMakeFiles\CheckTypeSize\SIZEOF_SSIZE_T.c(24): error C2065: 'ssize_t': undeclared identifier [N:\Development\Dev_Base\curl-7.75.0\msvc\CMakeFiles\CMakeTmp\cmTC_782f8.vcxproj]
N:\Development\Dev_Base\curl-7.75.0\msvc\CMakeFiles\CheckTypeSize\SIZEOF_SSIZE_T.c(25): error C2065: 'ssize_t': undeclared identifier [N:\Development\Dev_Base\curl-7.75.0\msvc\CMakeFiles\CMakeTmp\cmTC_782f8.vcxproj]
N:\Development\Dev_Base\curl-7.75.0\msvc\CMakeFiles\CheckTypeSize\SIZEOF_SSIZE_T.c(26): error C2065: 'ssize_t': undeclared identifier [N:\Development\Dev_Base\curl-7.75.0\msvc\CMakeFiles\CMakeTmp\cmTC_782f8.vcxproj]
N:\Development\Dev_Base\curl-7.75.0\msvc\CMakeFiles\CheckTypeSize\SIZEOF_SSIZE_T.c(27): error C2065: 'ssize_t': undeclared identifier [N:\Development\Dev_Base\curl-7.75.0\msvc\CMakeFiles\CMakeTmp\cmTC_782f8.vcxproj]
N:\Development\Dev_Base\curl-7.75.0\msvc\CMakeFiles\CheckTypeSize\SIZEOF_SSIZE_T.c(28): error C2065: 'ssize_t': undeclared identifier [N:\Development\Dev_Base\curl-7.75.0\msvc\CMakeFiles\CMakeTmp\cmTC_782f8.vcxproj]

N:/Development/Dev_Base/curl-7.75.0/msvc/CMakeFiles/CheckTypeSize/SIZEOF_SSIZE_T.c:
#include <sys/types.h>
#include <stddef.h>


#undef KEY
#if defined(__i386)
# define KEY '_','_','i','3','8','6'
#elif defined(__x86_64)
# define KEY '_','_','x','8','6','_','6','4'
#elif defined(__ppc__)
# define KEY '_','_','p','p','c','_','_'
#elif defined(__ppc64__)
# define KEY '_','_','p','p','c','6','4','_','_'
#elif defined(__aarch64__)
# define KEY '_','_','a','a','r','c','h','6','4','_','_'
#elif defined(__ARM_ARCH_7A__)
# define KEY '_','_','A','R','M','_','A','R','C','H','_','7','A','_','_'
#elif defined(__ARM_ARCH_7S__)
# define KEY '_','_','A','R','M','_','A','R','C','H','_','7','S','_','_'
#endif

#define SIZE (sizeof(ssize_t))
char info_size[] =  {'I', 'N', 'F', 'O', ':', 's','i','z','e','[',
  ('0' + ((SIZE / 10000)%10)),
  ('0' + ((SIZE / 1000)%10)),
  ('0' + ((SIZE / 100)%10)),
  ('0' + ((SIZE / 10)%10)),
  ('0' +  (SIZE    % 10)),
  ']',
#ifdef KEY
  ' ','k','e','y','[', KEY, ']',
#endif
  '\0'};

#ifdef __CLASSIC_C__
int main(argc, argv) int argc; char *argv[];
#else
int main(int argc, char *argv[])
#endif
{
  int require = 0;
  require += info_size[argc];
  (void)argv;
  return require;
}


Determining if the basename exist failed with the following output:
Change Dir: N:/Development/Dev_Base/curl-7.75.0/msvc/CMakeFiles/CMakeTmp

Run Build Command(s):C:/Program Files (x86)/Microsoft Visual Studio/2017/Enterprise/MSBuild/15.0/Bin/MSBuild.exe cmTC_5f4b6.vcxproj /p:Configuration=Debug /p:Platform=x64 /p:VisualStudioVersion=15.0 /v:m 
Microsoft (R) Build Engine version 15.9.21+g9802d43bc3 for .NET Framework
Copyright (C) Microsoft Corporation. All rights reserved.

  Microsoft (R) C/C++ Optimizing Compiler Version 19.16.27045 for x64
  Copyright (C) Microsoft Corporation.  All rights reserved.
  
  cl /c /I"N:\Development\Dev_Base\zlib-1.2.11" /I"C:\Program Files (x86)\Visual Leak Detector\include" /Zi /W3 /WX- /diagnostics:classic /Od /Ob0 /D WIN32 /D _WINDOWS /D _WIN32_WINNT=0x0600 /D _WINSOCKAPI_= /D "CMAKE_INTDIR=\"Debug\"" /D _MBCS /Gm- /RTC1 /MDd /GS /fp:precise /Zc:wchar_t /Zc:forScope /Zc:inline /Fo"cmTC_5f4b6.dir\Debug\\" /Fd"cmTC_5f4b6.dir\Debug\vc141.pdb" /Gd /TC /errorReport:queue "N:\Development\Dev_Base\curl-7.75.0\msvc\CMakeFiles\CMakeTmp\CheckSymbolExists.c"
  CheckSymbolExists.c
  
N:\Development\Dev_Base\curl-7.75.0\msvc\CMakeFiles\CMakeTmp\CheckSymbolExists.c(31): error C2065: 'basename': undeclared identifier [N:\Development\Dev_Base\curl-7.75.0\msvc\CMakeFiles\CMakeTmp\cmTC_5f4b6.vcxproj]

File N:/Development/Dev_Base/curl-7.75.0/msvc/CMakeFiles/CMakeTmp/CheckSymbolExists.c:
/* */
#include <windows.h>
#include <winsock.h>
#include <ws2tcpip.h>
#include <winsock2.h>
#include <stdio.h>
#include <sys/stat.h>
#include <sys/types.h>
#include <sys/utime.h>
#include <assert.h>
#include <errno.h>
#include <fcntl.h>
#include <io.h>
#include <locale.h>
#include <setjmp.h>
#include <signal.h>
#include <stdbool.h>
#include <stdio.h>
#include <stdlib.h>
#include <string.h>
#include <time.h>
#include <process.h>
#include <stddef.h>
#include <malloc.h>
#include <memory.h>

int main(int argc, char** argv)
{
  (void)argv;
#ifndef basename
  return ((int*)(&basename))[argc];
#else
  (void)argc;
  return 0;
#endif
}

Determining if the strncmpi exist failed with the following output:
Change Dir: N:/Development/Dev_Base/curl-7.75.0/msvc/CMakeFiles/CMakeTmp

Run Build Command(s):C:/Program Files (x86)/Microsoft Visual Studio/2017/Enterprise/MSBuild/15.0/Bin/MSBuild.exe cmTC_70d5d.vcxproj /p:Configuration=Debug /p:Platform=x64 /p:VisualStudioVersion=15.0 /v:m 
Microsoft (R) Build Engine version 15.9.21+g9802d43bc3 for .NET Framework
Copyright (C) Microsoft Corporation. All rights reserved.

  Microsoft (R) C/C++ Optimizing Compiler Version 19.16.27045 for x64
  Copyright (C) Microsoft Corporation.  All rights reserved.
  
  cl /c /I"N:\Development\Dev_Base\zlib-1.2.11" /I"C:\Program Files (x86)\Visual Leak Detector\include" /Zi /W3 /WX- /diagnostics:classic /Od /Ob0 /D WIN32 /D _WINDOWS /D _WIN32_WINNT=0x0600 /D _WINSOCKAPI_= /D "CMAKE_INTDIR=\"Debug\"" /D _MBCS /Gm- /RTC1 /MDd /GS /fp:precise /Zc:wchar_t /Zc:forScope /Zc:inline /Fo"cmTC_70d5d.dir\Debug\\" /Fd"cmTC_70d5d.dir\Debug\vc141.pdb" /Gd /TC /errorReport:queue "N:\Development\Dev_Base\curl-7.75.0\msvc\CMakeFiles\CMakeTmp\CheckSymbolExists.c"
  CheckSymbolExists.c
  
N:\Development\Dev_Base\curl-7.75.0\msvc\CMakeFiles\CMakeTmp\CheckSymbolExists.c(31): error C2065: 'strncmpi': undeclared identifier [N:\Development\Dev_Base\curl-7.75.0\msvc\CMakeFiles\CMakeTmp\cmTC_70d5d.vcxproj]

File N:/Development/Dev_Base/curl-7.75.0/msvc/CMakeFiles/CMakeTmp/CheckSymbolExists.c:
/* */
#include <windows.h>
#include <winsock.h>
#include <ws2tcpip.h>
#include <winsock2.h>
#include <stdio.h>
#include <sys/stat.h>
#include <sys/types.h>
#include <sys/utime.h>
#include <assert.h>
#include <errno.h>
#include <fcntl.h>
#include <io.h>
#include <locale.h>
#include <setjmp.h>
#include <signal.h>
#include <stdbool.h>
#include <stdio.h>
#include <stdlib.h>
#include <string.h>
#include <time.h>
#include <process.h>
#include <stddef.h>
#include <malloc.h>
#include <memory.h>

int main(int argc, char** argv)
{
  (void)argv;
#ifndef strncmpi
  return ((int*)(&strncmpi))[argc];
#else
  (void)argc;
  return 0;
#endif
}

Determining if the alarm exist failed with the following output:
Change Dir: N:/Development/Dev_Base/curl-7.75.0/msvc/CMakeFiles/CMakeTmp

Run Build Command(s):C:/Program Files (x86)/Microsoft Visual Studio/2017/Enterprise/MSBuild/15.0/Bin/MSBuild.exe cmTC_ce17b.vcxproj /p:Configuration=Debug /p:Platform=x64 /p:VisualStudioVersion=15.0 /v:m 
Microsoft (R) Build Engine version 15.9.21+g9802d43bc3 for .NET Framework
Copyright (C) Microsoft Corporation. All rights reserved.

  Microsoft (R) C/C++ Optimizing Compiler Version 19.16.27045 for x64
  Copyright (C) Microsoft Corporation.  All rights reserved.
  
  cl /c /I"N:\Development\Dev_Base\zlib-1.2.11" /I"C:\Program Files (x86)\Visual Leak Detector\include" /Zi /W3 /WX- /diagnostics:classic /Od /Ob0 /D WIN32 /D _WINDOWS /D _WIN32_WINNT=0x0600 /D _WINSOCKAPI_= /D "CMAKE_INTDIR=\"Debug\"" /D _MBCS /Gm- /RTC1 /MDd /GS /fp:precise /Zc:wchar_t /Zc:forScope /Zc:inline /Fo"cmTC_ce17b.dir\Debug\\" /Fd"cmTC_ce17b.dir\Debug\vc141.pdb" /Gd /TC /errorReport:queue "N:\Development\Dev_Base\curl-7.75.0\msvc\CMakeFiles\CMakeTmp\CheckSymbolExists.c"
  CheckSymbolExists.c
  
N:\Development\Dev_Base\curl-7.75.0\msvc\CMakeFiles\CMakeTmp\CheckSymbolExists.c(31): error C2065: 'alarm': undeclared identifier [N:\Development\Dev_Base\curl-7.75.0\msvc\CMakeFiles\CMakeTmp\cmTC_ce17b.vcxproj]

File N:/Development/Dev_Base/curl-7.75.0/msvc/CMakeFiles/CMakeTmp/CheckSymbolExists.c:
/* */
#include <windows.h>
#include <winsock.h>
#include <ws2tcpip.h>
#include <winsock2.h>
#include <stdio.h>
#include <sys/stat.h>
#include <sys/types.h>
#include <sys/utime.h>
#include <assert.h>
#include <errno.h>
#include <fcntl.h>
#include <io.h>
#include <locale.h>
#include <setjmp.h>
#include <signal.h>
#include <stdbool.h>
#include <stdio.h>
#include <stdlib.h>
#include <string.h>
#include <time.h>
#include <process.h>
#include <stddef.h>
#include <malloc.h>
#include <memory.h>

int main(int argc, char** argv)
{
  (void)argv;
#ifndef alarm
  return ((int*)(&alarm))[argc];
#else
  (void)argc;
  return 0;
#endif
}

Determining if the getpwuid_r exist failed with the following output:
Change Dir: N:/Development/Dev_Base/curl-7.75.0/msvc/CMakeFiles/CMakeTmp

Run Build Command(s):C:/Program Files (x86)/Microsoft Visual Studio/2017/Enterprise/MSBuild/15.0/Bin/MSBuild.exe cmTC_00db1.vcxproj /p:Configuration=Debug /p:Platform=x64 /p:VisualStudioVersion=15.0 /v:m 
Microsoft (R) Build Engine version 15.9.21+g9802d43bc3 for .NET Framework
Copyright (C) Microsoft Corporation. All rights reserved.

  Microsoft (R) C/C++ Optimizing Compiler Version 19.16.27045 for x64
  Copyright (C) Microsoft Corporation.  All rights reserved.
  
  cl /c /I"N:\Development\Dev_Base\zlib-1.2.11" /I"C:\Program Files (x86)\Visual Leak Detector\include" /Zi /W3 /WX- /diagnostics:classic /Od /Ob0 /D WIN32 /D _WINDOWS /D _WIN32_WINNT=0x0600 /D _WINSOCKAPI_= /D "CMAKE_INTDIR=\"Debug\"" /D _MBCS /Gm- /RTC1 /MDd /GS /fp:precise /Zc:wchar_t /Zc:forScope /Zc:inline /Fo"cmTC_00db1.dir\Debug\\" /Fd"cmTC_00db1.dir\Debug\vc141.pdb" /Gd /TC /errorReport:queue "N:\Development\Dev_Base\curl-7.75.0\msvc\CMakeFiles\CMakeTmp\CheckSymbolExists.c"
  CheckSymbolExists.c
  
N:\Development\Dev_Base\curl-7.75.0\msvc\CMakeFiles\CMakeTmp\CheckSymbolExists.c(31): error C2065: 'getpwuid_r': undeclared identifier [N:\Development\Dev_Base\curl-7.75.0\msvc\CMakeFiles\CMakeTmp\cmTC_00db1.vcxproj]

File N:/Development/Dev_Base/curl-7.75.0/msvc/CMakeFiles/CMakeTmp/CheckSymbolExists.c:
/* */
#include <windows.h>
#include <winsock.h>
#include <ws2tcpip.h>
#include <winsock2.h>
#include <stdio.h>
#include <sys/stat.h>
#include <sys/types.h>
#include <sys/utime.h>
#include <assert.h>
#include <errno.h>
#include <fcntl.h>
#include <io.h>
#include <locale.h>
#include <setjmp.h>
#include <signal.h>
#include <stdbool.h>
#include <stdio.h>
#include <stdlib.h>
#include <string.h>
#include <time.h>
#include <process.h>
#include <stddef.h>
#include <malloc.h>
#include <memory.h>

int main(int argc, char** argv)
{
  (void)argv;
#ifndef getpwuid_r
  return ((int*)(&getpwuid_r))[argc];
#else
  (void)argc;
  return 0;
#endif
}

Determining if the usleep exist failed with the following output:
Change Dir: N:/Development/Dev_Base/curl-7.75.0/msvc/CMakeFiles/CMakeTmp

Run Build Command(s):C:/Program Files (x86)/Microsoft Visual Studio/2017/Enterprise/MSBuild/15.0/Bin/MSBuild.exe cmTC_78cc2.vcxproj /p:Configuration=Debug /p:Platform=x64 /p:VisualStudioVersion=15.0 /v:m 
Microsoft (R) Build Engine version 15.9.21+g9802d43bc3 for .NET Framework
Copyright (C) Microsoft Corporation. All rights reserved.

  Microsoft (R) C/C++ Optimizing Compiler Version 19.16.27045 for x64
  Copyright (C) Microsoft Corporation.  All rights reserved.
  
  cl /c /I"N:\Development\Dev_Base\zlib-1.2.11" /I"C:\Program Files (x86)\Visual Leak Detector\include" /Zi /W3 /WX- /diagnostics:classic /Od /Ob0 /D WIN32 /D _WINDOWS /D _WIN32_WINNT=0x0600 /D _WINSOCKAPI_= /D "CMAKE_INTDIR=\"Debug\"" /D _MBCS /Gm- /RTC1 /MDd /GS /fp:precise /Zc:wchar_t /Zc:forScope /Zc:inline /Fo"cmTC_78cc2.dir\Debug\\" /Fd"cmTC_78cc2.dir\Debug\vc141.pdb" /Gd /TC /errorReport:queue "N:\Development\Dev_Base\curl-7.75.0\msvc\CMakeFiles\CMakeTmp\CheckSymbolExists.c"
  CheckSymbolExists.c
  
N:\Development\Dev_Base\curl-7.75.0\msvc\CMakeFiles\CMakeTmp\CheckSymbolExists.c(31): error C2065: 'usleep': undeclared identifier [N:\Development\Dev_Base\curl-7.75.0\msvc\CMakeFiles\CMakeTmp\cmTC_78cc2.vcxproj]

File N:/Development/Dev_Base/curl-7.75.0/msvc/CMakeFiles/CMakeTmp/CheckSymbolExists.c:
/* */
#include <windows.h>
#include <winsock.h>
#include <ws2tcpip.h>
#include <winsock2.h>
#include <stdio.h>
#include <sys/stat.h>
#include <sys/types.h>
#include <sys/utime.h>
#include <assert.h>
#include <errno.h>
#include <fcntl.h>
#include <io.h>
#include <locale.h>
#include <setjmp.h>
#include <signal.h>
#include <stdbool.h>
#include <stdio.h>
#include <stdlib.h>
#include <string.h>
#include <time.h>
#include <process.h>
#include <stddef.h>
#include <malloc.h>
#include <memory.h>

int main(int argc, char** argv)
{
  (void)argv;
#ifndef usleep
  return ((int*)(&usleep))[argc];
#else
  (void)argc;
  return 0;
#endif
}

Determining if the strerror_r exist failed with the following output:
Change Dir: N:/Development/Dev_Base/curl-7.75.0/msvc/CMakeFiles/CMakeTmp

Run Build Command(s):C:/Program Files (x86)/Microsoft Visual Studio/2017/Enterprise/MSBuild/15.0/Bin/MSBuild.exe cmTC_3a982.vcxproj /p:Configuration=Debug /p:Platform=x64 /p:VisualStudioVersion=15.0 /v:m 
Microsoft (R) Build Engine version 15.9.21+g9802d43bc3 for .NET Framework
Copyright (C) Microsoft Corporation. All rights reserved.

  Microsoft (R) C/C++ Optimizing Compiler Version 19.16.27045 for x64
  Copyright (C) Microsoft Corporation.  All rights reserved.
  
  cl /c /I"N:\Development\Dev_Base\zlib-1.2.11" /I"C:\Program Files (x86)\Visual Leak Detector\include" /Zi /W3 /WX- /diagnostics:classic /Od /Ob0 /D WIN32 /D _WINDOWS /D _WIN32_WINNT=0x0600 /D _WINSOCKAPI_= /D "CMAKE_INTDIR=\"Debug\"" /D _MBCS /Gm- /RTC1 /MDd /GS /fp:precise /Zc:wchar_t /Zc:forScope /Zc:inline /Fo"cmTC_3a982.dir\Debug\\" /Fd"cmTC_3a982.dir\Debug\vc141.pdb" /Gd /TC /errorReport:queue "N:\Development\Dev_Base\curl-7.75.0\msvc\CMakeFiles\CMakeTmp\CheckSymbolExists.c"
  CheckSymbolExists.c
  
N:\Development\Dev_Base\curl-7.75.0\msvc\CMakeFiles\CMakeTmp\CheckSymbolExists.c(31): error C2065: 'strerror_r': undeclared identifier [N:\Development\Dev_Base\curl-7.75.0\msvc\CMakeFiles\CMakeTmp\cmTC_3a982.vcxproj]

File N:/Development/Dev_Base/curl-7.75.0/msvc/CMakeFiles/CMakeTmp/CheckSymbolExists.c:
/* */
#include <windows.h>
#include <winsock.h>
#include <ws2tcpip.h>
#include <winsock2.h>
#include <stdio.h>
#include <sys/stat.h>
#include <sys/types.h>
#include <sys/utime.h>
#include <assert.h>
#include <errno.h>
#include <fcntl.h>
#include <io.h>
#include <locale.h>
#include <setjmp.h>
#include <signal.h>
#include <stdbool.h>
#include <stdio.h>
#include <stdlib.h>
#include <string.h>
#include <time.h>
#include <process.h>
#include <stddef.h>
#include <malloc.h>
#include <memory.h>

int main(int argc, char** argv)
{
  (void)argv;
#ifndef strerror_r
  return ((int*)(&strerror_r))[argc];
#else
  (void)argc;
  return 0;
#endif
}

Determining if the siginterrupt exist failed with the following output:
Change Dir: N:/Development/Dev_Base/curl-7.75.0/msvc/CMakeFiles/CMakeTmp

Run Build Command(s):C:/Program Files (x86)/Microsoft Visual Studio/2017/Enterprise/MSBuild/15.0/Bin/MSBuild.exe cmTC_5d202.vcxproj /p:Configuration=Debug /p:Platform=x64 /p:VisualStudioVersion=15.0 /v:m 
Microsoft (R) Build Engine version 15.9.21+g9802d43bc3 for .NET Framework
Copyright (C) Microsoft Corporation. All rights reserved.

  Microsoft (R) C/C++ Optimizing Compiler Version 19.16.27045 for x64
  Copyright (C) Microsoft Corporation.  All rights reserved.
  
  cl /c /I"N:\Development\Dev_Base\zlib-1.2.11" /I"C:\Program Files (x86)\Visual Leak Detector\include" /Zi /W3 /WX- /diagnostics:classic /Od /Ob0 /D WIN32 /D _WINDOWS /D _WIN32_WINNT=0x0600 /D _WINSOCKAPI_= /D "CMAKE_INTDIR=\"Debug\"" /D _MBCS /Gm- /RTC1 /MDd /GS /fp:precise /Zc:wchar_t /Zc:forScope /Zc:inline /Fo"cmTC_5d202.dir\Debug\\" /Fd"cmTC_5d202.dir\Debug\vc141.pdb" /Gd /TC /errorReport:queue "N:\Development\Dev_Base\curl-7.75.0\msvc\CMakeFiles\CMakeTmp\CheckSymbolExists.c"
  CheckSymbolExists.c
  
N:\Development\Dev_Base\curl-7.75.0\msvc\CMakeFiles\CMakeTmp\CheckSymbolExists.c(31): error C2065: 'siginterrupt': undeclared identifier [N:\Development\Dev_Base\curl-7.75.0\msvc\CMakeFiles\CMakeTmp\cmTC_5d202.vcxproj]

File N:/Development/Dev_Base/curl-7.75.0/msvc/CMakeFiles/CMakeTmp/CheckSymbolExists.c:
/* */
#include <windows.h>
#include <winsock.h>
#include <ws2tcpip.h>
#include <winsock2.h>
#include <stdio.h>
#include <sys/stat.h>
#include <sys/types.h>
#include <sys/utime.h>
#include <assert.h>
#include <errno.h>
#include <fcntl.h>
#include <io.h>
#include <locale.h>
#include <setjmp.h>
#include <signal.h>
#include <stdbool.h>
#include <stdio.h>
#include <stdlib.h>
#include <string.h>
#include <time.h>
#include <process.h>
#include <stddef.h>
#include <malloc.h>
#include <memory.h>

int main(int argc, char** argv)
{
  (void)argv;
#ifndef siginterrupt
  return ((int*)(&siginterrupt))[argc];
#else
  (void)argc;
  return 0;
#endif
}

Determining if the fork exist failed with the following output:
Change Dir: N:/Development/Dev_Base/curl-7.75.0/msvc/CMakeFiles/CMakeTmp

Run Build Command(s):C:/Program Files (x86)/Microsoft Visual Studio/2017/Enterprise/MSBuild/15.0/Bin/MSBuild.exe cmTC_fe2af.vcxproj /p:Configuration=Debug /p:Platform=x64 /p:VisualStudioVersion=15.0 /v:m 
Microsoft (R) Build Engine version 15.9.21+g9802d43bc3 for .NET Framework
Copyright (C) Microsoft Corporation. All rights reserved.

  Microsoft (R) C/C++ Optimizing Compiler Version 19.16.27045 for x64
  Copyright (C) Microsoft Corporation.  All rights reserved.
  
  cl /c /I"N:\Development\Dev_Base\zlib-1.2.11" /I"C:\Program Files (x86)\Visual Leak Detector\include" /Zi /W3 /WX- /diagnostics:classic /Od /Ob0 /D WIN32 /D _WINDOWS /D _WIN32_WINNT=0x0600 /D _WINSOCKAPI_= /D "CMAKE_INTDIR=\"Debug\"" /D _MBCS /Gm- /RTC1 /MDd /GS /fp:precise /Zc:wchar_t /Zc:forScope /Zc:inline /Fo"cmTC_fe2af.dir\Debug\\" /Fd"cmTC_fe2af.dir\Debug\vc141.pdb" /Gd /TC /errorReport:queue "N:\Development\Dev_Base\curl-7.75.0\msvc\CMakeFiles\CMakeTmp\CheckSymbolExists.c"
  CheckSymbolExists.c
  
N:\Development\Dev_Base\curl-7.75.0\msvc\CMakeFiles\CMakeTmp\CheckSymbolExists.c(31): error C2065: 'fork': undeclared identifier [N:\Development\Dev_Base\curl-7.75.0\msvc\CMakeFiles\CMakeTmp\cmTC_fe2af.vcxproj]

File N:/Development/Dev_Base/curl-7.75.0/msvc/CMakeFiles/CMakeTmp/CheckSymbolExists.c:
/* */
#include <windows.h>
#include <winsock.h>
#include <ws2tcpip.h>
#include <winsock2.h>
#include <stdio.h>
#include <sys/stat.h>
#include <sys/types.h>
#include <sys/utime.h>
#include <assert.h>
#include <errno.h>
#include <fcntl.h>
#include <io.h>
#include <locale.h>
#include <setjmp.h>
#include <signal.h>
#include <stdbool.h>
#include <stdio.h>
#include <stdlib.h>
#include <string.h>
#include <time.h>
#include <process.h>
#include <stddef.h>
#include <malloc.h>
#include <memory.h>

int main(int argc, char** argv)
{
  (void)argv;
#ifndef fork
  return ((int*)(&fork))[argc];
#else
  (void)argc;
  return 0;
#endif
}

Determining if the freeifaddrs exist failed with the following output:
Change Dir: N:/Development/Dev_Base/curl-7.75.0/msvc/CMakeFiles/CMakeTmp

Run Build Command(s):C:/Program Files (x86)/Microsoft Visual Studio/2017/Enterprise/MSBuild/15.0/Bin/MSBuild.exe cmTC_3d7f6.vcxproj /p:Configuration=Debug /p:Platform=x64 /p:VisualStudioVersion=15.0 /v:m 
Microsoft (R) Build Engine version 15.9.21+g9802d43bc3 for .NET Framework
Copyright (C) Microsoft Corporation. All rights reserved.

  Microsoft (R) C/C++ Optimizing Compiler Version 19.16.27045 for x64
  Copyright (C) Microsoft Corporation.  All rights reserved.
  
  cl /c /I"N:\Development\Dev_Base\zlib-1.2.11" /I"C:\Program Files (x86)\Visual Leak Detector\include" /Zi /W3 /WX- /diagnostics:classic /Od /Ob0 /D WIN32 /D _WINDOWS /D _WIN32_WINNT=0x0600 /D _WINSOCKAPI_= /D "CMAKE_INTDIR=\"Debug\"" /D _MBCS /Gm- /RTC1 /MDd /GS /fp:precise /Zc:wchar_t /Zc:forScope /Zc:inline /Fo"cmTC_3d7f6.dir\Debug\\" /Fd"cmTC_3d7f6.dir\Debug\vc141.pdb" /Gd /TC /errorReport:queue "N:\Development\Dev_Base\curl-7.75.0\msvc\CMakeFiles\CMakeTmp\CheckSymbolExists.c"
  CheckSymbolExists.c
  
N:\Development\Dev_Base\curl-7.75.0\msvc\CMakeFiles\CMakeTmp\CheckSymbolExists.c(31): error C2065: 'freeifaddrs': undeclared identifier [N:\Development\Dev_Base\curl-7.75.0\msvc\CMakeFiles\CMakeTmp\cmTC_3d7f6.vcxproj]

File N:/Development/Dev_Base/curl-7.75.0/msvc/CMakeFiles/CMakeTmp/CheckSymbolExists.c:
/* */
#include <windows.h>
#include <winsock.h>
#include <ws2tcpip.h>
#include <winsock2.h>
#include <stdio.h>
#include <sys/stat.h>
#include <sys/types.h>
#include <sys/utime.h>
#include <assert.h>
#include <errno.h>
#include <fcntl.h>
#include <io.h>
#include <locale.h>
#include <setjmp.h>
#include <signal.h>
#include <stdbool.h>
#include <stdio.h>
#include <stdlib.h>
#include <string.h>
#include <time.h>
#include <process.h>
#include <stddef.h>
#include <malloc.h>
#include <memory.h>

int main(int argc, char** argv)
{
  (void)argv;
#ifndef freeifaddrs
  return ((int*)(&freeifaddrs))[argc];
#else
  (void)argc;
  return 0;
#endif
}

Determining if the pipe exist failed with the following output:
Change Dir: N:/Development/Dev_Base/curl-7.75.0/msvc/CMakeFiles/CMakeTmp

Run Build Command(s):C:/Program Files (x86)/Microsoft Visual Studio/2017/Enterprise/MSBuild/15.0/Bin/MSBuild.exe cmTC_545da.vcxproj /p:Configuration=Debug /p:Platform=x64 /p:VisualStudioVersion=15.0 /v:m 
Microsoft (R) Build Engine version 15.9.21+g9802d43bc3 for .NET Framework
Copyright (C) Microsoft Corporation. All rights reserved.

  Microsoft (R) C/C++ Optimizing Compiler Version 19.16.27045 for x64
  Copyright (C) Microsoft Corporation.  All rights reserved.
  
  cl /c /I"N:\Development\Dev_Base\zlib-1.2.11" /I"C:\Program Files (x86)\Visual Leak Detector\include" /Zi /W3 /WX- /diagnostics:classic /Od /Ob0 /D WIN32 /D _WINDOWS /D _WIN32_WINNT=0x0600 /D _WINSOCKAPI_= /D "CMAKE_INTDIR=\"Debug\"" /D _MBCS /Gm- /RTC1 /MDd /GS /fp:precise /Zc:wchar_t /Zc:forScope /Zc:inline /Fo"cmTC_545da.dir\Debug\\" /Fd"cmTC_545da.dir\Debug\vc141.pdb" /Gd /TC /errorReport:queue "N:\Development\Dev_Base\curl-7.75.0\msvc\CMakeFiles\CMakeTmp\CheckSymbolExists.c"
  CheckSymbolExists.c
  
N:\Development\Dev_Base\curl-7.75.0\msvc\CMakeFiles\CMakeTmp\CheckSymbolExists.c(31): error C2065: 'pipe': undeclared identifier [N:\Development\Dev_Base\curl-7.75.0\msvc\CMakeFiles\CMakeTmp\cmTC_545da.vcxproj]

File N:/Development/Dev_Base/curl-7.75.0/msvc/CMakeFiles/CMakeTmp/CheckSymbolExists.c:
/* */
#include <windows.h>
#include <winsock.h>
#include <ws2tcpip.h>
#include <winsock2.h>
#include <stdio.h>
#include <sys/stat.h>
#include <sys/types.h>
#include <sys/utime.h>
#include <assert.h>
#include <errno.h>
#include <fcntl.h>
#include <io.h>
#include <locale.h>
#include <setjmp.h>
#include <signal.h>
#include <stdbool.h>
#include <stdio.h>
#include <stdlib.h>
#include <string.h>
#include <time.h>
#include <process.h>
#include <stddef.h>
#include <malloc.h>
#include <memory.h>

int main(int argc, char** argv)
{
  (void)argv;
#ifndef pipe
  return ((int*)(&pipe))[argc];
#else
  (void)argc;
  return 0;
#endif
}

Determining if the ftruncate exist failed with the following output:
Change Dir: N:/Development/Dev_Base/curl-7.75.0/msvc/CMakeFiles/CMakeTmp

Run Build Command(s):C:/Program Files (x86)/Microsoft Visual Studio/2017/Enterprise/MSBuild/15.0/Bin/MSBuild.exe cmTC_88eba.vcxproj /p:Configuration=Debug /p:Platform=x64 /p:VisualStudioVersion=15.0 /v:m 
Microsoft (R) Build Engine version 15.9.21+g9802d43bc3 for .NET Framework
Copyright (C) Microsoft Corporation. All rights reserved.

  Microsoft (R) C/C++ Optimizing Compiler Version 19.16.27045 for x64
  Copyright (C) Microsoft Corporation.  All rights reserved.
  
  cl /c /I"N:\Development\Dev_Base\zlib-1.2.11" /I"C:\Program Files (x86)\Visual Leak Detector\include" /Zi /W3 /WX- /diagnostics:classic /Od /Ob0 /D WIN32 /D _WINDOWS /D _WIN32_WINNT=0x0600 /D _WINSOCKAPI_= /D "CMAKE_INTDIR=\"Debug\"" /D _MBCS /Gm- /RTC1 /MDd /GS /fp:precise /Zc:wchar_t /Zc:forScope /Zc:inline /Fo"cmTC_88eba.dir\Debug\\" /Fd"cmTC_88eba.dir\Debug\vc141.pdb" /Gd /TC /errorReport:queue "N:\Development\Dev_Base\curl-7.75.0\msvc\CMakeFiles\CMakeTmp\CheckSymbolExists.c"
  CheckSymbolExists.c
  
N:\Development\Dev_Base\curl-7.75.0\msvc\CMakeFiles\CMakeTmp\CheckSymbolExists.c(31): error C2065: 'ftruncate': undeclared identifier [N:\Development\Dev_Base\curl-7.75.0\msvc\CMakeFiles\CMakeTmp\cmTC_88eba.vcxproj]

File N:/Development/Dev_Base/curl-7.75.0/msvc/CMakeFiles/CMakeTmp/CheckSymbolExists.c:
/* */
#include <windows.h>
#include <winsock.h>
#include <ws2tcpip.h>
#include <winsock2.h>
#include <stdio.h>
#include <sys/stat.h>
#include <sys/types.h>
#include <sys/utime.h>
#include <assert.h>
#include <errno.h>
#include <fcntl.h>
#include <io.h>
#include <locale.h>
#include <setjmp.h>
#include <signal.h>
#include <stdbool.h>
#include <stdio.h>
#include <stdlib.h>
#include <string.h>
#include <time.h>
#include <process.h>
#include <stddef.h>
#include <malloc.h>
#include <memory.h>

int main(int argc, char** argv)
{
  (void)argv;
#ifndef ftruncate
  return ((int*)(&ftruncate))[argc];
#else
  (void)argc;
  return 0;
#endif
}

Determining if the if_nametoindex exist failed with the following output:
Change Dir: N:/Development/Dev_Base/curl-7.75.0/msvc/CMakeFiles/CMakeTmp

Run Build Command(s):C:/Program Files (x86)/Microsoft Visual Studio/2017/Enterprise/MSBuild/15.0/Bin/MSBuild.exe cmTC_dfee8.vcxproj /p:Configuration=Debug /p:Platform=x64 /p:VisualStudioVersion=15.0 /v:m 
Microsoft (R) Build Engine version 15.9.21+g9802d43bc3 for .NET Framework
Copyright (C) Microsoft Corporation. All rights reserved.

  Microsoft (R) C/C++ Optimizing Compiler Version 19.16.27045 for x64
  Copyright (C) Microsoft Corporation.  All rights reserved.
  
  cl /c /I"N:\Development\Dev_Base\zlib-1.2.11" /I"C:\Program Files (x86)\Visual Leak Detector\include" /Zi /W3 /WX- /diagnostics:classic /Od /Ob0 /D WIN32 /D _WINDOWS /D _WIN32_WINNT=0x0600 /D _WINSOCKAPI_= /D "CMAKE_INTDIR=\"Debug\"" /D _MBCS /Gm- /RTC1 /MDd /GS /fp:precise /Zc:wchar_t /Zc:forScope /Zc:inline /Fo"cmTC_dfee8.dir\Debug\\" /Fd"cmTC_dfee8.dir\Debug\vc141.pdb" /Gd /TC /errorReport:queue "N:\Development\Dev_Base\curl-7.75.0\msvc\CMakeFiles\CMakeTmp\CheckSymbolExists.c"
  CheckSymbolExists.c
  
N:\Development\Dev_Base\curl-7.75.0\msvc\CMakeFiles\CMakeTmp\CheckSymbolExists.c(31): error C2065: 'if_nametoindex': undeclared identifier [N:\Development\Dev_Base\curl-7.75.0\msvc\CMakeFiles\CMakeTmp\cmTC_dfee8.vcxproj]

File N:/Development/Dev_Base/curl-7.75.0/msvc/CMakeFiles/CMakeTmp/CheckSymbolExists.c:
/* */
#include <windows.h>
#include <winsock.h>
#include <ws2tcpip.h>
#include <winsock2.h>
#include <stdio.h>
#include <sys/stat.h>
#include <sys/types.h>
#include <sys/utime.h>
#include <assert.h>
#include <errno.h>
#include <fcntl.h>
#include <io.h>
#include <locale.h>
#include <setjmp.h>
#include <signal.h>
#include <stdbool.h>
#include <stdio.h>
#include <stdlib.h>
#include <string.h>
#include <time.h>
#include <process.h>
#include <stddef.h>
#include <malloc.h>
#include <memory.h>

int main(int argc, char** argv)
{
  (void)argv;
#ifndef if_nametoindex
  return ((int*)(&if_nametoindex))[argc];
#else
  (void)argc;
  return 0;
#endif
}

Determining if the getrlimit exist failed with the following output:
Change Dir: N:/Development/Dev_Base/curl-7.75.0/msvc/CMakeFiles/CMakeTmp

Run Build Command(s):C:/Program Files (x86)/Microsoft Visual Studio/2017/Enterprise/MSBuild/15.0/Bin/MSBuild.exe cmTC_ee807.vcxproj /p:Configuration=Debug /p:Platform=x64 /p:VisualStudioVersion=15.0 /v:m 
Microsoft (R) Build Engine version 15.9.21+g9802d43bc3 for .NET Framework
Copyright (C) Microsoft Corporation. All rights reserved.

  Microsoft (R) C/C++ Optimizing Compiler Version 19.16.27045 for x64
  Copyright (C) Microsoft Corporation.  All rights reserved.
  
  cl /c /I"N:\Development\Dev_Base\zlib-1.2.11" /I"C:\Program Files (x86)\Visual Leak Detector\include" /Zi /W3 /WX- /diagnostics:classic /Od /Ob0 /D WIN32 /D _WINDOWS /D _WIN32_WINNT=0x0600 /D _WINSOCKAPI_= /D "CMAKE_INTDIR=\"Debug\"" /D _MBCS /Gm- /RTC1 /MDd /GS /fp:precise /Zc:wchar_t /Zc:forScope /Zc:inline /Fo"cmTC_ee807.dir\Debug\\" /Fd"cmTC_ee807.dir\Debug\vc141.pdb" /Gd /TC /errorReport:queue "N:\Development\Dev_Base\curl-7.75.0\msvc\CMakeFiles\CMakeTmp\CheckSymbolExists.c"
  CheckSymbolExists.c
  
N:\Development\Dev_Base\curl-7.75.0\msvc\CMakeFiles\CMakeTmp\CheckSymbolExists.c(31): error C2065: 'getrlimit': undeclared identifier [N:\Development\Dev_Base\curl-7.75.0\msvc\CMakeFiles\CMakeTmp\cmTC_ee807.vcxproj]

File N:/Development/Dev_Base/curl-7.75.0/msvc/CMakeFiles/CMakeTmp/CheckSymbolExists.c:
/* */
#include <windows.h>
#include <winsock.h>
#include <ws2tcpip.h>
#include <winsock2.h>
#include <stdio.h>
#include <sys/stat.h>
#include <sys/types.h>
#include <sys/utime.h>
#include <assert.h>
#include <errno.h>
#include <fcntl.h>
#include <io.h>
#include <locale.h>
#include <setjmp.h>
#include <signal.h>
#include <stdbool.h>
#include <stdio.h>
#include <stdlib.h>
#include <string.h>
#include <time.h>
#include <process.h>
#include <stddef.h>
#include <malloc.h>
#include <memory.h>

int main(int argc, char** argv)
{
  (void)argv;
#ifndef getrlimit
  return ((int*)(&getrlimit))[argc];
#else
  (void)argc;
  return 0;
#endif
}

Determining if the setrlimit exist failed with the following output:
Change Dir: N:/Development/Dev_Base/curl-7.75.0/msvc/CMakeFiles/CMakeTmp

Run Build Command(s):C:/Program Files (x86)/Microsoft Visual Studio/2017/Enterprise/MSBuild/15.0/Bin/MSBuild.exe cmTC_ae31a.vcxproj /p:Configuration=Debug /p:Platform=x64 /p:VisualStudioVersion=15.0 /v:m 
Microsoft (R) Build Engine version 15.9.21+g9802d43bc3 for .NET Framework
Copyright (C) Microsoft Corporation. All rights reserved.

  Microsoft (R) C/C++ Optimizing Compiler Version 19.16.27045 for x64
  Copyright (C) Microsoft Corporation.  All rights reserved.
  
  cl /c /I"N:\Development\Dev_Base\zlib-1.2.11" /I"C:\Program Files (x86)\Visual Leak Detector\include" /Zi /W3 /WX- /diagnostics:classic /Od /Ob0 /D WIN32 /D _WINDOWS /D _WIN32_WINNT=0x0600 /D _WINSOCKAPI_= /D "CMAKE_INTDIR=\"Debug\"" /D _MBCS /Gm- /RTC1 /MDd /GS /fp:precise /Zc:wchar_t /Zc:forScope /Zc:inline /Fo"cmTC_ae31a.dir\Debug\\" /Fd"cmTC_ae31a.dir\Debug\vc141.pdb" /Gd /TC /errorReport:queue "N:\Development\Dev_Base\curl-7.75.0\msvc\CMakeFiles\CMakeTmp\CheckSymbolExists.c"
  CheckSymbolExists.c
  
N:\Development\Dev_Base\curl-7.75.0\msvc\CMakeFiles\CMakeTmp\CheckSymbolExists.c(31): error C2065: 'setrlimit': undeclared identifier [N:\Development\Dev_Base\curl-7.75.0\msvc\CMakeFiles\CMakeTmp\cmTC_ae31a.vcxproj]

File N:/Development/Dev_Base/curl-7.75.0/msvc/CMakeFiles/CMakeTmp/CheckSymbolExists.c:
/* */
#include <windows.h>
#include <winsock.h>
#include <ws2tcpip.h>
#include <winsock2.h>
#include <stdio.h>
#include <sys/stat.h>
#include <sys/types.h>
#include <sys/utime.h>
#include <assert.h>
#include <errno.h>
#include <fcntl.h>
#include <io.h>
#include <locale.h>
#include <setjmp.h>
#include <signal.h>
#include <stdbool.h>
#include <stdio.h>
#include <stdlib.h>
#include <string.h>
#include <time.h>
#include <process.h>
#include <stddef.h>
#include <malloc.h>
#include <memory.h>

int main(int argc, char** argv)
{
  (void)argv;
#ifndef setrlimit
  return ((int*)(&setrlimit))[argc];
#else
  (void)argc;
  return 0;
#endif
}

Determining if the fcntl exist failed with the following output:
Change Dir: N:/Development/Dev_Base/curl-7.75.0/msvc/CMakeFiles/CMakeTmp

Run Build Command(s):C:/Program Files (x86)/Microsoft Visual Studio/2017/Enterprise/MSBuild/15.0/Bin/MSBuild.exe cmTC_79d0f.vcxproj /p:Configuration=Debug /p:Platform=x64 /p:VisualStudioVersion=15.0 /v:m 
Microsoft (R) Build Engine version 15.9.21+g9802d43bc3 for .NET Framework
Copyright (C) Microsoft Corporation. All rights reserved.

  Microsoft (R) C/C++ Optimizing Compiler Version 19.16.27045 for x64
  Copyright (C) Microsoft Corporation.  All rights reserved.
  
  cl /c /I"N:\Development\Dev_Base\zlib-1.2.11" /I"C:\Program Files (x86)\Visual Leak Detector\include" /Zi /W3 /WX- /diagnostics:classic /Od /Ob0 /D WIN32 /D _WINDOWS /D _WIN32_WINNT=0x0600 /D _WINSOCKAPI_= /D "CMAKE_INTDIR=\"Debug\"" /D _MBCS /Gm- /RTC1 /MDd /GS /fp:precise /Zc:wchar_t /Zc:forScope /Zc:inline /Fo"cmTC_79d0f.dir\Debug\\" /Fd"cmTC_79d0f.dir\Debug\vc141.pdb" /Gd /TC /errorReport:queue "N:\Development\Dev_Base\curl-7.75.0\msvc\CMakeFiles\CMakeTmp\CheckSymbolExists.c"
  CheckSymbolExists.c
  
N:\Development\Dev_Base\curl-7.75.0\msvc\CMakeFiles\CMakeTmp\CheckSymbolExists.c(31): error C2065: 'fcntl': undeclared identifier [N:\Development\Dev_Base\curl-7.75.0\msvc\CMakeFiles\CMakeTmp\cmTC_79d0f.vcxproj]

File N:/Development/Dev_Base/curl-7.75.0/msvc/CMakeFiles/CMakeTmp/CheckSymbolExists.c:
/* */
#include <windows.h>
#include <winsock.h>
#include <ws2tcpip.h>
#include <winsock2.h>
#include <stdio.h>
#include <sys/stat.h>
#include <sys/types.h>
#include <sys/utime.h>
#include <assert.h>
#include <errno.h>
#include <fcntl.h>
#include <io.h>
#include <locale.h>
#include <setjmp.h>
#include <signal.h>
#include <stdbool.h>
#include <stdio.h>
#include <stdlib.h>
#include <string.h>
#include <time.h>
#include <process.h>
#include <stddef.h>
#include <malloc.h>
#include <memory.h>

int main(int argc, char** argv)
{
  (void)argv;
#ifndef fcntl
  return ((int*)(&fcntl))[argc];
#else
  (void)argc;
  return 0;
#endif
}

Determining if the ioctl exist failed with the following output:
Change Dir: N:/Development/Dev_Base/curl-7.75.0/msvc/CMakeFiles/CMakeTmp

Run Build Command(s):C:/Program Files (x86)/Microsoft Visual Studio/2017/Enterprise/MSBuild/15.0/Bin/MSBuild.exe cmTC_2e3c1.vcxproj /p:Configuration=Debug /p:Platform=x64 /p:VisualStudioVersion=15.0 /v:m 
Microsoft (R) Build Engine version 15.9.21+g9802d43bc3 for .NET Framework
Copyright (C) Microsoft Corporation. All rights reserved.

  Microsoft (R) C/C++ Optimizing Compiler Version 19.16.27045 for x64
  Copyright (C) Microsoft Corporation.  All rights reserved.
  
  cl /c /I"N:\Development\Dev_Base\zlib-1.2.11" /I"C:\Program Files (x86)\Visual Leak Detector\include" /Zi /W3 /WX- /diagnostics:classic /Od /Ob0 /D WIN32 /D _WINDOWS /D _WIN32_WINNT=0x0600 /D _WINSOCKAPI_= /D "CMAKE_INTDIR=\"Debug\"" /D _MBCS /Gm- /RTC1 /MDd /GS /fp:precise /Zc:wchar_t /Zc:forScope /Zc:inline /Fo"cmTC_2e3c1.dir\Debug\\" /Fd"cmTC_2e3c1.dir\Debug\vc141.pdb" /Gd /TC /errorReport:queue "N:\Development\Dev_Base\curl-7.75.0\msvc\CMakeFiles\CMakeTmp\CheckSymbolExists.c"
  CheckSymbolExists.c
  
N:\Development\Dev_Base\curl-7.75.0\msvc\CMakeFiles\CMakeTmp\CheckSymbolExists.c(31): error C2065: 'ioctl': undeclared identifier [N:\Development\Dev_Base\curl-7.75.0\msvc\CMakeFiles\CMakeTmp\cmTC_2e3c1.vcxproj]

File N:/Development/Dev_Base/curl-7.75.0/msvc/CMakeFiles/CMakeTmp/CheckSymbolExists.c:
/* */
#include <windows.h>
#include <winsock.h>
#include <ws2tcpip.h>
#include <winsock2.h>
#include <stdio.h>
#include <sys/stat.h>
#include <sys/types.h>
#include <sys/utime.h>
#include <assert.h>
#include <errno.h>
#include <fcntl.h>
#include <io.h>
#include <locale.h>
#include <setjmp.h>
#include <signal.h>
#include <stdbool.h>
#include <stdio.h>
#include <stdlib.h>
#include <string.h>
#include <time.h>
#include <process.h>
#include <stddef.h>
#include <malloc.h>
#include <memory.h>

int main(int argc, char** argv)
{
  (void)argv;
#ifndef ioctl
  return ((int*)(&ioctl))[argc];
#else
  (void)argc;
  return 0;
#endif
}

Determining if the function mach_absolute_time exists failed with the following output:
Change Dir: N:/Development/Dev_Base/curl-7.75.0/msvc/CMakeFiles/CMakeTmp

Run Build Command(s):C:/Program Files (x86)/Microsoft Visual Studio/2017/Enterprise/MSBuild/15.0/Bin/MSBuild.exe cmTC_0b2da.vcxproj /p:Configuration=Debug /p:Platform=x64 /p:VisualStudioVersion=15.0 /v:m 
Microsoft (R) Build Engine version 15.9.21+g9802d43bc3 for .NET Framework
Copyright (C) Microsoft Corporation. All rights reserved.

  Microsoft (R) C/C++ Optimizing Compiler Version 19.16.27045 for x64
  Copyright (C) Microsoft Corporation.  All rights reserved.
  
  cl /c /I"N:\Development\Dev_Base\zlib-1.2.11" /I"C:\Program Files (x86)\Visual Leak Detector\include" /Zi /W3 /WX- /diagnostics:classic /Od /Ob0 /D WIN32 /D _WINDOWS /D CHECK_FUNCTION_EXISTS=mach_absolute_time /D _WIN32_WINNT=0x0600 /D _WINSOCKAPI_= /D "CMAKE_INTDIR=\"Debug\"" /D _MBCS /Gm- /RTC1 /MDd /GS /fp:precise /Zc:wchar_t /Zc:forScope /Zc:inline /Fo"cmTC_0b2da.dir\Debug\\" /Fd"cmTC_0b2da.dir\Debug\vc141.pdb" /Gd /TC /errorReport:queue "C:\Program Files\CMake\share\cmake-3.14\Modules\CheckFunctionExists.c"
  
  CheckFunctionExists.c
CheckFunctionExists.obj : error LNK2019: unresolved external symbol mach_absolute_time referenced in function main [N:\Development\Dev_Base\curl-7.75.0\msvc\CMakeFiles\CMakeTmp\cmTC_0b2da.vcxproj]
N:\Development\Dev_Base\curl-7.75.0\msvc\CMakeFiles\CMakeTmp\Debug\cmTC_0b2da.exe : fatal error LNK1120: 1 unresolved externals [N:\Development\Dev_Base\curl-7.75.0\msvc\CMakeFiles\CMakeTmp\cmTC_0b2da.vcxproj]


Determining if the fsetxattr exist failed with the following output:
Change Dir: N:/Development/Dev_Base/curl-7.75.0/msvc/CMakeFiles/CMakeTmp

Run Build Command(s):C:/Program Files (x86)/Microsoft Visual Studio/2017/Enterprise/MSBuild/15.0/Bin/MSBuild.exe cmTC_c1137.vcxproj /p:Configuration=Debug /p:Platform=x64 /p:VisualStudioVersion=15.0 /v:m 
Microsoft (R) Build Engine version 15.9.21+g9802d43bc3 for .NET Framework
Copyright (C) Microsoft Corporation. All rights reserved.

  Microsoft (R) C/C++ Optimizing Compiler Version 19.16.27045 for x64
  Copyright (C) Microsoft Corporation.  All rights reserved.
  
  cl /c /I"N:\Development\Dev_Base\zlib-1.2.11" /I"C:\Program Files (x86)\Visual Leak Detector\include" /Zi /W3 /WX- /diagnostics:classic /Od /Ob0 /D WIN32 /D _WINDOWS /D _WIN32_WINNT=0x0600 /D _WINSOCKAPI_= /D "CMAKE_INTDIR=\"Debug\"" /D _MBCS /Gm- /RTC1 /MDd /GS /fp:precise /Zc:wchar_t /Zc:forScope /Zc:inline /Fo"cmTC_c1137.dir\Debug\\" /Fd"cmTC_c1137.dir\Debug\vc141.pdb" /Gd /TC /errorReport:queue "N:\Development\Dev_Base\curl-7.75.0\msvc\CMakeFiles\CMakeTmp\CheckSymbolExists.c"
  CheckSymbolExists.c
  
N:\Development\Dev_Base\curl-7.75.0\msvc\CMakeFiles\CMakeTmp\CheckSymbolExists.c(31): error C2065: 'fsetxattr': undeclared identifier [N:\Development\Dev_Base\curl-7.75.0\msvc\CMakeFiles\CMakeTmp\cmTC_c1137.vcxproj]

File N:/Development/Dev_Base/curl-7.75.0/msvc/CMakeFiles/CMakeTmp/CheckSymbolExists.c:
/* */
#include <windows.h>
#include <winsock.h>
#include <ws2tcpip.h>
#include <winsock2.h>
#include <stdio.h>
#include <sys/stat.h>
#include <sys/types.h>
#include <sys/utime.h>
#include <assert.h>
#include <errno.h>
#include <fcntl.h>
#include <io.h>
#include <locale.h>
#include <setjmp.h>
#include <signal.h>
#include <stdbool.h>
#include <stdio.h>
#include <stdlib.h>
#include <string.h>
#include <time.h>
#include <process.h>
#include <stddef.h>
#include <malloc.h>
#include <memory.h>

int main(int argc, char** argv)
{
  (void)argv;
#ifndef fsetxattr
  return ((int*)(&fsetxattr))[argc];
#else
  (void)argc;
  return 0;
#endif
}

Performing Curl Test HAVE_FCNTL_O_NONBLOCK failed with the following output:
Change Dir: N:/Development/Dev_Base/curl-7.75.0/msvc/CMakeFiles/CMakeTmp

Run Build Command(s):C:/Program Files (x86)/Microsoft Visual Studio/2017/Enterprise/MSBuild/15.0/Bin/MSBuild.exe cmTC_323a6.vcxproj /p:Configuration=Debug /p:Platform=x64 /p:VisualStudioVersion=15.0 /v:m 
Microsoft (R) Build Engine version 15.9.21+g9802d43bc3 for .NET Framework
Copyright (C) Microsoft Corporation. All rights reserved.

  Microsoft (R) C/C++ Optimizing Compiler Version 19.16.27045 for x64
  Copyright (C) Microsoft Corporation.  All rights reserved.
  
  cl /c /I"C:\Program Files (x86)\Visual Leak Detector\include" /Zi /W3 /WX- /diagnostics:classic /Od /Ob0 /D WIN32 /D _WINDOWS /D HAVE_FCNTL_O_NONBLOCK /D HAVE_WINDOWS_H /D HAVE_WINSOCK_H /D HAVE_WS2TCPIP_H /D HAVE_WINSOCK2_H /D HAVE_STDIO_H /D HAVE_SYS_STAT_H /D HAVE_SYS_TYPES_H /D HAVE_SYS_UTIME_H /D HAVE_ASSERT_H /D HAVE_ERRNO_H /D HAVE_FCNTL_H /D HAVE_IO_H /D HAVE_LOCALE_H /D HAVE_SETJMP_H /D HAVE_SIGNAL_H /D HAVE_STDBOOL_H /D HAVE_STDLIB_H /D HAVE_STRING_H /D HAVE_TIME_H /D HAVE_PROCESS_H /D HAVE_STDDEF_H /D HAVE_MALLOC_H /D HAVE_MEMORY_H /D "CMAKE_INTDIR=\"Debug\"" /D _MBCS /Gm- /RTC1 /MDd /GS /fp:precise /Zc:wchar_t /Zc:forScope /Zc:inline /Fo"cmTC_323a6.dir\Debug\\" /Fd"cmTC_323a6.dir\Debug\vc141.pdb" /Gd /TC /errorReport:queue "N:\Development\Dev_Base\curl-7.75.0\CMake\CurlTests.c"
  
  CurlTests.c
N:\Development\Dev_Base\curl-7.75.0\CMake\CurlTests.c(44): fatal error C1083: Cannot open include file: 'unistd.h': No such file or directory [N:\Development\Dev_Base\curl-7.75.0\msvc\CMakeFiles\CMakeTmp\cmTC_323a6.vcxproj]

Performing Curl Test HAVE_IOCTLSOCKET_CAMEL failed with the following output:
Change Dir: N:/Development/Dev_Base/curl-7.75.0/msvc/CMakeFiles/CMakeTmp

Run Build Command(s):C:/Program Files (x86)/Microsoft Visual Studio/2017/Enterprise/MSBuild/15.0/Bin/MSBuild.exe cmTC_1b384.vcxproj /p:Configuration=Debug /p:Platform=x64 /p:VisualStudioVersion=15.0 /v:m 
Microsoft (R) Build Engine version 15.9.21+g9802d43bc3 for .NET Framework
Copyright (C) Microsoft Corporation. All rights reserved.

  Microsoft (R) C/C++ Optimizing Compiler Version 19.16.27045 for x64
  Copyright (C) Microsoft Corporation.  All rights reserved.
  
  cl /c /I"C:\Program Files (x86)\Visual Leak Detector\include" /Zi /W3 /WX- /diagnostics:classic /Od /Ob0 /D WIN32 /D _WINDOWS /D HAVE_IOCTLSOCKET_CAMEL /D HAVE_WINDOWS_H /D HAVE_WINSOCK_H /D HAVE_WS2TCPIP_H /D HAVE_WINSOCK2_H /D HAVE_STDIO_H /D HAVE_SYS_STAT_H /D HAVE_SYS_TYPES_H /D HAVE_SYS_UTIME_H /D HAVE_ASSERT_H /D HAVE_ERRNO_H /D HAVE_FCNTL_H /D HAVE_IO_H /D HAVE_LOCALE_H /D HAVE_SETJMP_H /D HAVE_SIGNAL_H /D HAVE_STDBOOL_H /D HAVE_STDLIB_H /D HAVE_STRING_H /D HAVE_TIME_H /D HAVE_PROCESS_H /D HAVE_STDDEF_H /D HAVE_MALLOC_H /D HAVE_MEMORY_H /D "CMAKE_INTDIR=\"Debug\"" /D _MBCS /Gm- /RTC1 /MDd /GS /fp:precise /Zc:wchar_t /Zc:forScope /Zc:inline /Fo"cmTC_1b384.dir\Debug\\" /Fd"cmTC_1b384.dir\Debug\vc141.pdb" /Gd /TC /errorReport:queue "N:\Development\Dev_Base\curl-7.75.0\CMake\CurlTests.c"
  
  CurlTests.c
N:\Development\Dev_Base\curl-7.75.0\CMake\CurlTests.c(354): warning C4013: 'IoctlSocket' undefined; assuming extern returning int [N:\Development\Dev_Base\curl-7.75.0\msvc\CMakeFiles\CMakeTmp\cmTC_1b384.vcxproj]
CurlTests.obj : error LNK2019: unresolved external symbol IoctlSocket referenced in function main [N:\Development\Dev_Base\curl-7.75.0\msvc\CMakeFiles\CMakeTmp\cmTC_1b384.vcxproj]
N:\Development\Dev_Base\curl-7.75.0\msvc\CMakeFiles\CMakeTmp\Debug\cmTC_1b384.exe : fatal error LNK1120: 1 unresolved externals [N:\Development\Dev_Base\curl-7.75.0\msvc\CMakeFiles\CMakeTmp\cmTC_1b384.vcxproj]

Performing Curl Test HAVE_IOCTL_FIONBIO failed with the following output:
Change Dir: N:/Development/Dev_Base/curl-7.75.0/msvc/CMakeFiles/CMakeTmp

Run Build Command(s):C:/Program Files (x86)/Microsoft Visual Studio/2017/Enterprise/MSBuild/15.0/Bin/MSBuild.exe cmTC_0e1ae.vcxproj /p:Configuration=Debug /p:Platform=x64 /p:VisualStudioVersion=15.0 /v:m 
Microsoft (R) Build Engine version 15.9.21+g9802d43bc3 for .NET Framework
Copyright (C) Microsoft Corporation. All rights reserved.

  Microsoft (R) C/C++ Optimizing Compiler Version 19.16.27045 for x64
  Copyright (C) Microsoft Corporation.  All rights reserved.
  
  cl /c /I"C:\Program Files (x86)\Visual Leak Detector\include" /Zi /W3 /WX- /diagnostics:classic /Od /Ob0 /D WIN32 /D _WINDOWS /D HAVE_IOCTL_FIONBIO /D HAVE_WINDOWS_H /D HAVE_WINSOCK_H /D HAVE_WS2TCPIP_H /D HAVE_WINSOCK2_H /D HAVE_STDIO_H /D HAVE_SYS_STAT_H /D HAVE_SYS_TYPES_H /D HAVE_SYS_UTIME_H /D HAVE_ASSERT_H /D HAVE_ERRNO_H /D HAVE_FCNTL_H /D HAVE_IO_H /D HAVE_LOCALE_H /D HAVE_SETJMP_H /D HAVE_SIGNAL_H /D HAVE_STDBOOL_H /D HAVE_STDLIB_H /D HAVE_STRING_H /D HAVE_TIME_H /D HAVE_PROCESS_H /D HAVE_STDDEF_H /D HAVE_MALLOC_H /D HAVE_MEMORY_H /D "CMAKE_INTDIR=\"Debug\"" /D _MBCS /Gm- /RTC1 /MDd /GS /fp:precise /Zc:wchar_t /Zc:forScope /Zc:inline /Fo"cmTC_0e1ae.dir\Debug\\" /Fd"cmTC_0e1ae.dir\Debug\vc141.pdb" /Gd /TC /errorReport:queue "N:\Development\Dev_Base\curl-7.75.0\CMake\CurlTests.c"
  
  CurlTests.c
N:\Development\Dev_Base\curl-7.75.0\CMake\CurlTests.c(440): warning C4013: 'ioctl' undefined; assuming extern returning int [N:\Development\Dev_Base\curl-7.75.0\msvc\CMakeFiles\CMakeTmp\cmTC_0e1ae.vcxproj]
N:\Development\Dev_Base\curl-7.75.0\CMake\CurlTests.c(440): error C2065: 'FIONBIO': undeclared identifier [N:\Development\Dev_Base\curl-7.75.0\msvc\CMakeFiles\CMakeTmp\cmTC_0e1ae.vcxproj]

Performing Curl Test HAVE_IOCTL_SIOCGIFADDR failed with the following output:
Change Dir: N:/Development/Dev_Base/curl-7.75.0/msvc/CMakeFiles/CMakeTmp

Run Build Command(s):C:/Program Files (x86)/Microsoft Visual Studio/2017/Enterprise/MSBuild/15.0/Bin/MSBuild.exe cmTC_b86fc.vcxproj /p:Configuration=Debug /p:Platform=x64 /p:VisualStudioVersion=15.0 /v:m 
Microsoft (R) Build Engine version 15.9.21+g9802d43bc3 for .NET Framework
Copyright (C) Microsoft Corporation. All rights reserved.

  Microsoft (R) C/C++ Optimizing Compiler Version 19.16.27045 for x64
  Copyright (C) Microsoft Corporation.  All rights reserved.
  
  cl /c /I"C:\Program Files (x86)\Visual Leak Detector\include" /Zi /W3 /WX- /diagnostics:classic /Od /Ob0 /D WIN32 /D _WINDOWS /D HAVE_IOCTL_SIOCGIFADDR /D HAVE_WINDOWS_H /D HAVE_WINSOCK_H /D HAVE_WS2TCPIP_H /D HAVE_WINSOCK2_H /D HAVE_STDIO_H /D HAVE_SYS_STAT_H /D HAVE_SYS_TYPES_H /D HAVE_SYS_UTIME_H /D HAVE_ASSERT_H /D HAVE_ERRNO_H /D HAVE_FCNTL_H /D HAVE_IO_H /D HAVE_LOCALE_H /D HAVE_SETJMP_H /D HAVE_SIGNAL_H /D HAVE_STDBOOL_H /D HAVE_STDLIB_H /D HAVE_STRING_H /D HAVE_TIME_H /D HAVE_PROCESS_H /D HAVE_STDDEF_H /D HAVE_MALLOC_H /D HAVE_MEMORY_H /D "CMAKE_INTDIR=\"Debug\"" /D _MBCS /Gm- /RTC1 /MDd /GS /fp:precise /Zc:wchar_t /Zc:forScope /Zc:inline /Fo"cmTC_b86fc.dir\Debug\\" /Fd"cmTC_b86fc.dir\Debug\vc141.pdb" /Gd /TC /errorReport:queue "N:\Development\Dev_Base\curl-7.75.0\CMake\CurlTests.c"
  
  CurlTests.c
N:\Development\Dev_Base\curl-7.75.0\CMake\CurlTests.c(465): fatal error C1083: Cannot open include file: 'net/if.h': No such file or directory [N:\Development\Dev_Base\curl-7.75.0\msvc\CMakeFiles\CMakeTmp\cmTC_b86fc.vcxproj]

Performing Curl Test HAVE_SETSOCKOPT_SO_NONBLOCK failed with the following output:
Change Dir: N:/Development/Dev_Base/curl-7.75.0/msvc/CMakeFiles/CMakeTmp

Run Build Command(s):C:/Program Files (x86)/Microsoft Visual Studio/2017/Enterprise/MSBuild/15.0/Bin/MSBuild.exe cmTC_4fccb.vcxproj /p:Configuration=Debug /p:Platform=x64 /p:VisualStudioVersion=15.0 /v:m 
Microsoft (R) Build Engine version 15.9.21+g9802d43bc3 for .NET Framework
Copyright (C) Microsoft Corporation. All rights reserved.

  Microsoft (R) C/C++ Optimizing Compiler Version 19.16.27045 for x64
  Copyright (C) Microsoft Corporation.  All rights reserved.
  
  cl /c /I"C:\Program Files (x86)\Visual Leak Detector\include" /Zi /W3 /WX- /diagnostics:classic /Od /Ob0 /D WIN32 /D _WINDOWS /D HAVE_SETSOCKOPT_SO_NONBLOCK /D HAVE_WINDOWS_H /D HAVE_WINSOCK_H /D HAVE_WS2TCPIP_H /D HAVE_WINSOCK2_H /D HAVE_STDIO_H /D HAVE_SYS_STAT_H /D HAVE_SYS_TYPES_H /D HAVE_SYS_UTIME_H /D HAVE_ASSERT_H /D HAVE_ERRNO_H /D HAVE_FCNTL_H /D HAVE_IO_H /D HAVE_LOCALE_H /D HAVE_SETJMP_H /D HAVE_SIGNAL_H /D HAVE_STDBOOL_H /D HAVE_STDLIB_H /D HAVE_STRING_H /D HAVE_TIME_H /D HAVE_PROCESS_H /D HAVE_STDDEF_H /D HAVE_MALLOC_H /D HAVE_MEMORY_H /D "CMAKE_INTDIR=\"Debug\"" /D _MBCS /Gm- /RTC1 /MDd /GS /fp:precise /Zc:wchar_t /Zc:forScope /Zc:inline /Fo"cmTC_4fccb.dir\Debug\\" /Fd"cmTC_4fccb.dir\Debug\vc141.pdb" /Gd /TC /errorReport:queue "N:\Development\Dev_Base\curl-7.75.0\CMake\CurlTests.c"
  
  CurlTests.c
N:\Development\Dev_Base\curl-7.75.0\CMake\CurlTests.c(505): error C2065: 'SO_NONBLOCK': undeclared identifier [N:\Development\Dev_Base\curl-7.75.0\msvc\CMakeFiles\CMakeTmp\cmTC_4fccb.vcxproj]

Performing Curl Test HAVE_SOCKADDR_IN6_SIN6_SCOPE_ID failed with the following output:
Change Dir: N:/Development/Dev_Base/curl-7.75.0/msvc/CMakeFiles/CMakeTmp

Run Build Command(s):C:/Program Files (x86)/Microsoft Visual Studio/2017/Enterprise/MSBuild/15.0/Bin/MSBuild.exe cmTC_c7d19.vcxproj /p:Configuration=Debug /p:Platform=x64 /p:VisualStudioVersion=15.0 /v:m 
Microsoft (R) Build Engine version 15.9.21+g9802d43bc3 for .NET Framework
Copyright (C) Microsoft Corporation. All rights reserved.

  Microsoft (R) C/C++ Optimizing Compiler Version 19.16.27045 for x64
  Copyright (C) Microsoft Corporation.  All rights reserved.
  
  cl /c /I"C:\Program Files (x86)\Visual Leak Detector\include" /Zi /W3 /WX- /diagnostics:classic /Od /Ob0 /D WIN32 /D _WINDOWS /D HAVE_SOCKADDR_IN6_SIN6_SCOPE_ID /D HAVE_WINDOWS_H /D HAVE_WINSOCK_H /D HAVE_WS2TCPIP_H /D HAVE_WINSOCK2_H /D HAVE_STDIO_H /D HAVE_SYS_STAT_H /D HAVE_SYS_TYPES_H /D HAVE_SYS_UTIME_H /D HAVE_ASSERT_H /D HAVE_ERRNO_H /D HAVE_FCNTL_H /D HAVE_IO_H /D HAVE_LOCALE_H /D HAVE_SETJMP_H /D HAVE_SIGNAL_H /D HAVE_STDBOOL_H /D HAVE_STDLIB_H /D HAVE_STRING_H /D HAVE_TIME_H /D HAVE_PROCESS_H /D HAVE_STDDEF_H /D HAVE_MALLOC_H /D HAVE_MEMORY_H /D "CMAKE_INTDIR=\"Debug\"" /D _MBCS /Gm- /RTC1 /MDd /GS /fp:precise /Zc:wchar_t /Zc:forScope /Zc:inline /Fo"cmTC_c7d19.dir\Debug\\" /Fd"cmTC_c7d19.dir\Debug\vc141.pdb" /Gd /TC /errorReport:queue "N:\Development\Dev_Base\curl-7.75.0\CMake\CurlTests.c"
  
  CurlTests.c
MSVCRTD.lib(exe_main.obj) : error LNK2019: unresolved external symbol main referenced in function "int __cdecl invoke_main(void)" (?invoke_main@@YAHXZ) [N:\Development\Dev_Base\curl-7.75.0\msvc\CMakeFiles\CMakeTmp\cmTC_c7d19.vcxproj]
N:\Development\Dev_Base\curl-7.75.0\msvc\CMakeFiles\CMakeTmp\Debug\cmTC_c7d19.exe : fatal error LNK1120: 1 unresolved externals [N:\Development\Dev_Base\curl-7.75.0\msvc\CMakeFiles\CMakeTmp\cmTC_c7d19.vcxproj]

Performing Curl Test HAVE_FILE_OFFSET_BITS failed with the following output:
Change Dir: N:/Development/Dev_Base/curl-7.75.0/msvc/CMakeFiles/CMakeTmp

Run Build Command(s):C:/Program Files (x86)/Microsoft Visual Studio/2017/Enterprise/MSBuild/15.0/Bin/MSBuild.exe cmTC_d698f.vcxproj /p:Configuration=Debug /p:Platform=x64 /p:VisualStudioVersion=15.0 /v:m 
Microsoft (R) Build Engine version 15.9.21+g9802d43bc3 for .NET Framework
Copyright (C) Microsoft Corporation. All rights reserved.

  Microsoft (R) C/C++ Optimizing Compiler Version 19.16.27045 for x64
  Copyright (C) Microsoft Corporation.  All rights reserved.
  
  cl /c /I"C:\Program Files (x86)\Visual Leak Detector\include" /Zi /W3 /WX- /diagnostics:classic /Od /Ob0 /D WIN32 /D _WINDOWS /D HAVE_FILE_OFFSET_BITS /D HAVE_WINDOWS_H /D HAVE_WINSOCK_H /D HAVE_WS2TCPIP_H /D HAVE_WINSOCK2_H /D HAVE_STDIO_H /D HAVE_SYS_STAT_H /D HAVE_SYS_TYPES_H /D HAVE_SYS_UTIME_H /D HAVE_ASSERT_H /D HAVE_ERRNO_H /D HAVE_FCNTL_H /D HAVE_IO_H /D HAVE_LOCALE_H /D HAVE_SETJMP_H /D HAVE_SIGNAL_H /D HAVE_STDBOOL_H /D HAVE_STDLIB_H /D HAVE_STRING_H /D HAVE_TIME_H /D HAVE_PROCESS_H /D HAVE_STDDEF_H /D HAVE_MALLOC_H /D HAVE_MEMORY_H /D "CMAKE_INTDIR=\"Debug\"" /D _MBCS /Gm- /RTC1 /MDd /GS /fp:precise /Zc:wchar_t /Zc:forScope /Zc:inline /Fo"cmTC_d698f.dir\Debug\\" /Fd"cmTC_d698f.dir\Debug\vc141.pdb" /Gd /TC /errorReport:queue "N:\Development\Dev_Base\curl-7.75.0\CMake\CurlTests.c"
  
  CurlTests.c
N:\Development\Dev_Base\curl-7.75.0\CMake\CurlTests.c(299): warning C4293: '<<': shift count negative or too big, undefined behavior [N:\Development\Dev_Base\curl-7.75.0\msvc\CMakeFiles\CMakeTmp\cmTC_d698f.vcxproj]
N:\Development\Dev_Base\curl-7.75.0\CMake\CurlTests.c(300): warning C4293: '<<': shift count negative or too big, undefined behavior [N:\Development\Dev_Base\curl-7.75.0\msvc\CMakeFiles\CMakeTmp\cmTC_d698f.vcxproj]
N:\Development\Dev_Base\curl-7.75.0\CMake\CurlTests.c(301): error C2118: negative subscript [N:\Development\Dev_Base\curl-7.75.0\msvc\CMakeFiles\CMakeTmp\cmTC_d698f.vcxproj]

Performing Curl Test HAVE_VARIADIC_MACROS_GCC failed with the following output:
Change Dir: N:/Development/Dev_Base/curl-7.75.0/msvc/CMakeFiles/CMakeTmp

Run Build Command(s):C:/Program Files (x86)/Microsoft Visual Studio/2017/Enterprise/MSBuild/15.0/Bin/MSBuild.exe cmTC_2b22c.vcxproj /p:Configuration=Debug /p:Platform=x64 /p:VisualStudioVersion=15.0 /v:m 
Microsoft (R) Build Engine version 15.9.21+g9802d43bc3 for .NET Framework
Copyright (C) Microsoft Corporation. All rights reserved.

  Microsoft (R) C/C++ Optimizing Compiler Version 19.16.27045 for x64
  Copyright (C) Microsoft Corporation.  All rights reserved.
  
  cl /c /I"C:\Program Files (x86)\Visual Leak Detector\include" /Zi /W3 /WX- /diagnostics:classic /Od /Ob0 /D WIN32 /D _WINDOWS /D HAVE_VARIADIC_MACROS_GCC /D HAVE_WINDOWS_H /D HAVE_WINSOCK_H /D HAVE_WS2TCPIP_H /D HAVE_WINSOCK2_H /D HAVE_STDIO_H /D HAVE_SYS_STAT_H /D HAVE_SYS_TYPES_H /D HAVE_SYS_UTIME_H /D HAVE_ASSERT_H /D HAVE_ERRNO_H /D HAVE_FCNTL_H /D HAVE_IO_H /D HAVE_LOCALE_H /D HAVE_SETJMP_H /D HAVE_SIGNAL_H /D HAVE_STDBOOL_H /D HAVE_STDLIB_H /D HAVE_STRING_H /D HAVE_TIME_H /D HAVE_PROCESS_H /D HAVE_STDDEF_H /D HAVE_MALLOC_H /D HAVE_MEMORY_H /D "CMAKE_INTDIR=\"Debug\"" /D _MBCS /Gm- /RTC1 /MDd /GS /fp:precise /Zc:wchar_t /Zc:forScope /Zc:inline /Fo"cmTC_2b22c.dir\Debug\\" /Fd"cmTC_2b22c.dir\Debug\vc141.pdb" /Gd /TC /errorReport:queue "N:\Development\Dev_Base\curl-7.75.0\CMake\CurlTests.c"
  
  CurlTests.c
N:\Development\Dev_Base\curl-7.75.0\CMake\CurlTests.c(596): error C2010: '.': unexpected in macro parameter list [N:\Development\Dev_Base\curl-7.75.0\msvc\CMakeFiles\CMakeTmp\cmTC_2b22c.vcxproj]
N:\Development\Dev_Base\curl-7.75.0\CMake\CurlTests.c(597): error C2010: '.': unexpected in macro parameter list [N:\Development\Dev_Base\curl-7.75.0\msvc\CMakeFiles\CMakeTmp\cmTC_2b22c.vcxproj]

Performing Curl Test HAVE_GLIBC_STRERROR_R failed with the following output:
Change Dir: N:/Development/Dev_Base/curl-7.75.0/msvc/CMakeFiles/CMakeTmp

Run Build Command(s):C:/Program Files (x86)/Microsoft Visual Studio/2017/Enterprise/MSBuild/15.0/Bin/MSBuild.exe cmTC_2d7a1.vcxproj /p:Configuration=Debug /p:Platform=x64 /p:VisualStudioVersion=15.0 /v:m 
Microsoft (R) Build Engine version 15.9.21+g9802d43bc3 for .NET Framework
Copyright (C) Microsoft Corporation. All rights reserved.

  Microsoft (R) C/C++ Optimizing Compiler Version 19.16.27045 for x64
  Copyright (C) Microsoft Corporation.  All rights reserved.
  
  cl /c /I"C:\Program Files (x86)\Visual Leak Detector\include" /Zi /W3 /WX- /diagnostics:classic /Od /Ob0 /D WIN32 /D _WINDOWS /D HAVE_GLIBC_STRERROR_R /D HAVE_WINDOWS_H /D HAVE_WINSOCK_H /D HAVE_WS2TCPIP_H /D HAVE_WINSOCK2_H /D HAVE_STDIO_H /D HAVE_SYS_STAT_H /D HAVE_SYS_TYPES_H /D HAVE_SYS_UTIME_H /D HAVE_ASSERT_H /D HAVE_ERRNO_H /D HAVE_FCNTL_H /D HAVE_IO_H /D HAVE_LOCALE_H /D HAVE_SETJMP_H /D HAVE_SIGNAL_H /D HAVE_STDBOOL_H /D HAVE_STDLIB_H /D HAVE_STRING_H /D HAVE_TIME_H /D HAVE_PROCESS_H /D HAVE_STDDEF_H /D HAVE_MALLOC_H /D HAVE_MEMORY_H /D "CMAKE_INTDIR=\"Debug\"" /D _MBCS /Gm- /RTC1 /MDd /GS /fp:precise /Zc:wchar_t /Zc:forScope /Zc:inline /Fo"cmTC_2d7a1.dir\Debug\\" /Fd"cmTC_2d7a1.dir\Debug\vc141.pdb" /Gd /TC /errorReport:queue "N:\Development\Dev_Base\curl-7.75.0\CMake\CurlTests.c"
  CurlTests.c
  
N:\Development\Dev_Base\curl-7.75.0\CMake\CurlTests.c(521): warning C4013: 'strerror_r' undefined; assuming extern returning int [N:\Development\Dev_Base\curl-7.75.0\msvc\CMakeFiles\CMakeTmp\cmTC_2d7a1.vcxproj]
N:\Development\Dev_Base\curl-7.75.0\CMake\CurlTests.c(521): error C2109: subscript requires array or pointer type [N:\Development\Dev_Base\curl-7.75.0\msvc\CMakeFiles\CMakeTmp\cmTC_2d7a1.vcxproj]
N:\Development\Dev_Base\curl-7.75.0\CMake\CurlTests.c(521): error C2198: 'check': too few arguments for call [N:\Development\Dev_Base\curl-7.75.0\msvc\CMakeFiles\CMakeTmp\cmTC_2d7a1.vcxproj]

Performing Curl Test HAVE_POSIX_STRERROR_R failed with the following output:
Change Dir: N:/Development/Dev_Base/curl-7.75.0/msvc/CMakeFiles/CMakeTmp

Run Build Command(s):C:/Program Files (x86)/Microsoft Visual Studio/2017/Enterprise/MSBuild/15.0/Bin/MSBuild.exe cmTC_42948.vcxproj /p:Configuration=Debug /p:Platform=x64 /p:VisualStudioVersion=15.0 /v:m 
Microsoft (R) Build Engine version 15.9.21+g9802d43bc3 for .NET Framework
Copyright (C) Microsoft Corporation. All rights reserved.

  Microsoft (R) C/C++ Optimizing Compiler Version 19.16.27045 for x64
  Copyright (C) Microsoft Corporation.  All rights reserved.
  
  cl /c /I"C:\Program Files (x86)\Visual Leak Detector\include" /Zi /W3 /WX- /diagnostics:classic /Od /Ob0 /D WIN32 /D _WINDOWS /D HAVE_POSIX_STRERROR_R /D HAVE_WINDOWS_H /D HAVE_WINSOCK_H /D HAVE_WS2TCPIP_H /D HAVE_WINSOCK2_H /D HAVE_STDIO_H /D HAVE_SYS_STAT_H /D HAVE_SYS_TYPES_H /D HAVE_SYS_UTIME_H /D HAVE_ASSERT_H /D HAVE_ERRNO_H /D HAVE_FCNTL_H /D HAVE_IO_H /D HAVE_LOCALE_H /D HAVE_SETJMP_H /D HAVE_SIGNAL_H /D HAVE_STDBOOL_H /D HAVE_STDLIB_H /D HAVE_STRING_H /D HAVE_TIME_H /D HAVE_PROCESS_H /D HAVE_STDDEF_H /D HAVE_MALLOC_H /D HAVE_MEMORY_H /D "CMAKE_INTDIR=\"Debug\"" /D _MBCS /Gm- /RTC1 /MDd /GS /fp:precise /Zc:wchar_t /Zc:forScope /Zc:inline /Fo"cmTC_42948.dir\Debug\\" /Fd"cmTC_42948.dir\Debug\vc141.pdb" /Gd /TC /errorReport:queue "N:\Development\Dev_Base\curl-7.75.0\CMake\CurlTests.c"
  CurlTests.c
  
N:\Development\Dev_Base\curl-7.75.0\CMake\CurlTests.c(536): warning C4013: 'strerror_r' undefined; assuming extern returning int [N:\Development\Dev_Base\curl-7.75.0\msvc\CMakeFiles\CMakeTmp\cmTC_42948.vcxproj]
N:\Development\Dev_Base\curl-7.75.0\CMake\CurlTests.c(536): warning C4244: 'function': conversion from 'int' to 'float', possible loss of data [N:\Development\Dev_Base\curl-7.75.0\msvc\CMakeFiles\CMakeTmp\cmTC_42948.vcxproj]
CurlTests.obj : error LNK2019: unresolved external symbol strerror_r referenced in function main [N:\Development\Dev_Base\curl-7.75.0\msvc\CMakeFiles\CMakeTmp\cmTC_42948.vcxproj]
N:\Development\Dev_Base\curl-7.75.0\msvc\CMakeFiles\CMakeTmp\Debug\cmTC_42948.exe : fatal error LNK1120: 1 unresolved externals [N:\Development\Dev_Base\curl-7.75.0\msvc\CMakeFiles\CMakeTmp\cmTC_42948.vcxproj]

Performing Curl Test HAVE_CLOCK_GETTIME_MONOTONIC failed with the following output:
Change Dir: N:/Development/Dev_Base/curl-7.75.0/msvc/CMakeFiles/CMakeTmp

Run Build Command(s):C:/Program Files (x86)/Microsoft Visual Studio/2017/Enterprise/MSBuild/15.0/Bin/MSBuild.exe cmTC_19961.vcxproj /p:Configuration=Debug /p:Platform=x64 /p:VisualStudioVersion=15.0 /v:m 
Microsoft (R) Build Engine version 15.9.21+g9802d43bc3 for .NET Framework
Copyright (C) Microsoft Corporation. All rights reserved.

  Microsoft (R) C/C++ Optimizing Compiler Version 19.16.27045 for x64
  Copyright (C) Microsoft Corporation.  All rights reserved.
  
  cl /c /I"C:\Program Files (x86)\Visual Leak Detector\include" /Zi /W3 /WX- /diagnostics:classic /Od /Ob0 /D WIN32 /D _WINDOWS /D HAVE_CLOCK_GETTIME_MONOTONIC /D HAVE_WINDOWS_H /D HAVE_WINSOCK_H /D HAVE_WS2TCPIP_H /D HAVE_WINSOCK2_H /D HAVE_STDIO_H /D HAVE_SYS_STAT_H /D HAVE_SYS_TYPES_H /D HAVE_SYS_UTIME_H /D HAVE_ASSERT_H /D HAVE_ERRNO_H /D HAVE_FCNTL_H /D HAVE_IO_H /D HAVE_LOCALE_H /D HAVE_SETJMP_H /D HAVE_SIGNAL_H /D HAVE_STDBOOL_H /D HAVE_STDLIB_H /D HAVE_STRING_H /D HAVE_TIME_H /D HAVE_PROCESS_H /D HAVE_STDDEF_H /D HAVE_MALLOC_H /D HAVE_MEMORY_H /D "CMAKE_INTDIR=\"Debug\"" /D _MBCS /Gm- /RTC1 /MDd /GS /fp:precise /Zc:wchar_t /Zc:forScope /Zc:inline /Fo"cmTC_19961.dir\Debug\\" /Fd"cmTC_19961.dir\Debug\vc141.pdb" /Gd /TC /errorReport:queue "N:\Development\Dev_Base\curl-7.75.0\CMake\CurlTests.c"
  
  CurlTests.c
N:\Development\Dev_Base\curl-7.75.0\CMake\CurlTests.c(561): warning C4013: 'clock_gettime' undefined; assuming extern returning int [N:\Development\Dev_Base\curl-7.75.0\msvc\CMakeFiles\CMakeTmp\cmTC_19961.vcxproj]
N:\Development\Dev_Base\curl-7.75.0\CMake\CurlTests.c(561): error C2065: 'CLOCK_MONOTONIC': undeclared identifier [N:\Development\Dev_Base\curl-7.75.0\msvc\CMakeFiles\CMakeTmp\cmTC_19961.vcxproj]

Performing Curl Test HAVE_BUILTIN_AVAILABLE failed with the following output:
Change Dir: N:/Development/Dev_Base/curl-7.75.0/msvc/CMakeFiles/CMakeTmp

Run Build Command(s):C:/Program Files (x86)/Microsoft Visual Studio/2017/Enterprise/MSBuild/15.0/Bin/MSBuild.exe cmTC_ffcbc.vcxproj /p:Configuration=Debug /p:Platform=x64 /p:VisualStudioVersion=15.0 /v:m 
Microsoft (R) Build Engine version 15.9.21+g9802d43bc3 for .NET Framework
Copyright (C) Microsoft Corporation. All rights reserved.

  Microsoft (R) C/C++ Optimizing Compiler Version 19.16.27045 for x64
  Copyright (C) Microsoft Corporation.  All rights reserved.
  
  cl /c /I"C:\Program Files (x86)\Visual Leak Detector\include" /Zi /W3 /WX- /diagnostics:classic /Od /Ob0 /D WIN32 /D _WINDOWS /D HAVE_BUILTIN_AVAILABLE /D HAVE_WINDOWS_H /D HAVE_WINSOCK_H /D HAVE_WS2TCPIP_H /D HAVE_WINSOCK2_H /D HAVE_STDIO_H /D HAVE_SYS_STAT_H /D HAVE_SYS_TYPES_H /D HAVE_SYS_UTIME_H /D HAVE_ASSERT_H /D HAVE_ERRNO_H /D HAVE_FCNTL_H /D HAVE_IO_H /D HAVE_LOCALE_H /D HAVE_SETJMP_H /D HAVE_SIGNAL_H /D HAVE_STDBOOL_H /D HAVE_STDLIB_H /D HAVE_STRING_H /D HAVE_TIME_H /D HAVE_PROCESS_H /D HAVE_STDDEF_H /D HAVE_MALLOC_H /D HAVE_MEMORY_H /D "CMAKE_INTDIR=\"Debug\"" /D _MBCS /Gm- /RTC1 /MDd /GS /fp:precise /Zc:wchar_t /Zc:forScope /Zc:inline /Fo"cmTC_ffcbc.dir\Debug\\" /Fd"cmTC_ffcbc.dir\Debug\vc141.pdb" /Gd /TC /errorReport:queue "N:\Development\Dev_Base\curl-7.75.0\CMake\CurlTests.c"
  
  CurlTests.c
N:\Development\Dev_Base\curl-7.75.0\CMake\CurlTests.c(568): warning C4013: '__builtin_available' undefined; assuming extern returning int [N:\Development\Dev_Base\curl-7.75.0\msvc\CMakeFiles\CMakeTmp\cmTC_ffcbc.vcxproj]
N:\Development\Dev_Base\curl-7.75.0\CMake\CurlTests.c(568): error C2065: 'macOS': undeclared identifier [N:\Development\Dev_Base\curl-7.75.0\msvc\CMakeFiles\CMakeTmp\cmTC_ffcbc.vcxproj]
N:\Development\Dev_Base\curl-7.75.0\CMake\CurlTests.c(568): error C2143: syntax error: missing ')' before 'constant' [N:\Development\Dev_Base\curl-7.75.0\msvc\CMakeFiles\CMakeTmp\cmTC_ffcbc.vcxproj]
N:\Development\Dev_Base\curl-7.75.0\CMake\CurlTests.c(568): error C2059: syntax error: ')' [N:\Development\Dev_Base\curl-7.75.0\msvc\CMakeFiles\CMakeTmp\cmTC_ffcbc.vcxproj]

Performing C SOURCE FILE Test HAVE_MSG_NOSIGNAL failed with the following output:
Change Dir: N:/Development/Dev_Base/curl-7.75.0/msvc/CMakeFiles/CMakeTmp

Run Build Command(s):C:/Program Files (x86)/Microsoft Visual Studio/2017/Enterprise/MSBuild/15.0/Bin/MSBuild.exe cmTC_a90eb.vcxproj /p:Configuration=Debug /p:Platform=x64 /p:VisualStudioVersion=15.0 /v:m 
Microsoft (R) Build Engine version 15.9.21+g9802d43bc3 for .NET Framework
Copyright (C) Microsoft Corporation. All rights reserved.

  Microsoft (R) C/C++ Optimizing Compiler Version 19.16.27045 for x64
  Copyright (C) Microsoft Corporation.  All rights reserved.
  
  cl /c /I"N:\Development\Dev_Base\curl-7.75.0\include" /I"C:\Program Files (x86)\Visual Leak Detector\include" /Zi /W3 /WX- /diagnostics:classic /Od /Ob0 /D WIN32 /D _WINDOWS /D HAVE_MSG_NOSIGNAL /D _WIN32_WINNT=0x0600 /D _WINSOCKAPI_= /D "CMAKE_INTDIR=\"Debug\"" /D _MBCS /Gm- /RTC1 /MDd /GS /fp:precise /Zc:wchar_t /Zc:forScope /Zc:inline /Fo"cmTC_a90eb.dir\Debug\\" /Fd"cmTC_a90eb.dir\Debug\cmTC_a90eb.pdb" /Gd /TC /errorReport:queue "N:\Development\Dev_Base\curl-7.75.0\msvc\CMakeFiles\CMakeTmp\src.c"
  
  src.c
N:\Development\Dev_Base\curl-7.75.0\msvc\CMakeFiles\CMakeTmp\src.c(9): error C2065: 'MSG_NOSIGNAL': undeclared identifier [N:\Development\Dev_Base\curl-7.75.0\msvc\CMakeFiles\CMakeTmp\cmTC_a90eb.vcxproj]

Source file was:
#undef inline
#include <winsock2.h>
#include <windows.h>
#include <winsock.h>
#ifndef WIN32_LEAN_AND_MEAN
#define WIN32_LEAN_AND_MEAN
#endif
  int main(void) {
    int flag = MSG_NOSIGNAL;
    (void)flag;
    return 0;
  }
Performing C SOURCE FILE Test HAVE_POLL_FINE failed with the following compile output:
Change Dir: N:/Development/Dev_Base/curl-7.75.0/msvc/CMakeFiles/CMakeTmp

Run Build Command(s):C:/Program Files (x86)/Microsoft Visual Studio/2017/Enterprise/MSBuild/15.0/Bin/MSBuild.exe cmTC_41b75.vcxproj /p:Configuration=Debug /p:Platform=x64 /p:VisualStudioVersion=15.0 /v:m 
Microsoft (R) Build Engine version 15.9.21+g9802d43bc3 for .NET Framework
Copyright (C) Microsoft Corporation. All rights reserved.

  Microsoft (R) C/C++ Optimizing Compiler Version 19.16.27045 for x64
  Copyright (C) Microsoft Corporation.  All rights reserved.
  
  cl /c /I"N:\Development\Dev_Base\curl-7.75.0\include" /I"C:\Program Files (x86)\Visual Leak Detector\include" /Zi /W3 /WX- /diagnostics:classic /Od /Ob0 /D WIN32 /D _WINDOWS /D HAVE_POLL_FINE /D _WIN32_WINNT=0x0600 /D _WINSOCKAPI_= /D "CMAKE_INTDIR=\"Debug\"" /D _MBCS /Gm- /RTC1 /MDd /GS /fp:precise /Zc:wchar_t /Zc:forScope /Zc:inline /Fo"cmTC_41b75.dir\Debug\\" /Fd"cmTC_41b75.dir\Debug\vc141.pdb" /Gd /TC /errorReport:queue "N:\Development\Dev_Base\curl-7.75.0\msvc\CMakeFiles\CMakeTmp\src.c"
  
  src.c
N:\Development\Dev_Base\curl-7.75.0\msvc\CMakeFiles\CMakeTmp\src.c(3): fatal error C1083: Cannot open include file: 'sys/time.h': No such file or directory [N:\Development\Dev_Base\curl-7.75.0\msvc\CMakeFiles\CMakeTmp\cmTC_41b75.vcxproj]

...and run output:

Return value: 1
Source file was:

    #include <stdlib.h>
    #include <sys/time.h>

    #ifdef HAVE_SYS_POLL_H
    #  include <sys/poll.h>
    #elif  HAVE_POLL_H
    #  include <poll.h>
    #endif

    int main(void)
    {
        if(0 != poll(0, 0, 10)) {
          return 1; /* fail */
        }
        else {
          /* detect the 10.12 poll() breakage */
          struct timeval before, after;
          int rc;
          size_t us;

          gettimeofday(&before, NULL);
          rc = poll(NULL, 0, 500);
          gettimeofday(&after, NULL);

          us = (after.tv_sec - before.tv_sec) * 1000000 +
            (after.tv_usec - before.tv_usec);

          if(us < 400000) {
            return 1;
          }
        }
        return 0;
    }
Determining if the include file openssl/ssl.h exists failed with the following output:
Change Dir: N:/Development/Dev_Base/curl-7.75.0/msvc/CMakeFiles/CMakeTmp

Run Build Command(s):C:/Program Files (x86)/Microsoft Visual Studio/2017/Enterprise/MSBuild/15.0/Bin/MSBuild.exe cmTC_bd903.vcxproj /p:Configuration=Debug /p:Platform=x64 /p:VisualStudioVersion=15.0 /v:m 
Microsoft (R) Build Engine version 15.9.21+g9802d43bc3 for .NET Framework
Copyright (C) Microsoft Corporation. All rights reserved.

  Microsoft (R) C/C++ Optimizing Compiler Version 19.16.27045 for x64
  Copyright (C) Microsoft Corporation.  All rights reserved.
  
  cl /c /I"N:\Development\Dev_Base\openssl-1.0.2h\include" /I"C:\Program Files (x86)\Visual Leak Detector\include" /Zi /W3 /WX- /diagnostics:classic /Od /Ob0 /D WIN32 /D _WINDOWS /D _WIN32_WINNT=0x0600 /D _WINSOCKAPI_= /D "CMAKE_INTDIR=\"Debug\"" /D _MBCS /Gm- /RTC1 /MDd /GS /fp:precise /Zc:wchar_t /Zc:forScope /Zc:inline /Fo"cmTC_bd903.dir\Debug\\" /Fd"cmTC_bd903.dir\Debug\vc141.pdb" /Gd /TC /errorReport:queue "N:\Development\Dev_Base\curl-7.75.0\msvc\CMakeFiles\CMakeTmp\CheckIncludeFile.c"
  CheckIncludeFile.c
  
n:\development\dev_base\openssl-1.0.2h\include\openssl\../../ssl/dtls1.h(227): error C2079: 'next_timeout' uses undefined struct 'timeval' [N:\Development\Dev_Base\curl-7.75.0\msvc\CMakeFiles\CMakeTmp\cmTC_bd903.vcxproj]


